{"C:\\Projects\\Software Design\\student-management-system\\src\\components\\common\\ButtonOrange.tsx": {"path":"C:\\Projects\\Software Design\\student-management-system\\src\\components\\common\\ButtonOrange.tsx","statementMap":{"0":{"start":{"line":1,"column":0},"end":{"line":1,"column":39}},"1":{"start":{"line":3,"column":21},"end":{"line":11,"column":1}},"2":{"start":{"line":10,"column":2},"end":{"line":10,"column":77}},"3":{"start":{"line":13,"column":0},"end":{"line":13,"column":28}},"4":{"start":{"line":15,"column":28},"end":{"line":44,"column":2}}},"fnMap":{"0":{"name":"(anonymous_1)","decl":{"start":{"line":3,"column":21},"end":{"line":3,"column":22}},"loc":{"start":{"line":9,"column":5},"end":{"line":11,"column":1}}}},"branchMap":{},"s":{"0":1,"1":1,"2":2,"3":1,"4":1},"f":{"0":2},"b":{}}
,"C:\\Projects\\Software Design\\student-management-system\\src\\components\\common\\ButtonWhite.tsx": {"path":"C:\\Projects\\Software Design\\student-management-system\\src\\components\\common\\ButtonWhite.tsx","statementMap":{"0":{"start":{"line":1,"column":0},"end":{"line":1,"column":39}},"1":{"start":{"line":3,"column":20},"end":{"line":11,"column":1}},"2":{"start":{"line":10,"column":2},"end":{"line":10,"column":75}},"3":{"start":{"line":13,"column":0},"end":{"line":13,"column":27}},"4":{"start":{"line":15,"column":27},"end":{"line":46,"column":2}}},"fnMap":{"0":{"name":"(anonymous_1)","decl":{"start":{"line":3,"column":20},"end":{"line":3,"column":21}},"loc":{"start":{"line":9,"column":5},"end":{"line":11,"column":1}}}},"branchMap":{},"s":{"0":1,"1":1,"2":2,"3":1,"4":1},"f":{"0":2},"b":{}}
,"C:\\Projects\\Software Design\\student-management-system\\src\\components\\common\\Card.tsx": {"path":"C:\\Projects\\Software Design\\student-management-system\\src\\components\\common\\Card.tsx","statementMap":{"0":{"start":{"line":1,"column":0},"end":{"line":1,"column":39}},"1":{"start":{"line":10,"column":13},"end":{"line":20,"column":1}},"2":{"start":{"line":11,"column":2},"end":{"line":19,"column":4}},"3":{"start":{"line":22,"column":0},"end":{"line":22,"column":20}},"4":{"start":{"line":24,"column":20},"end":{"line":32,"column":2}},"5":{"start":{"line":34,"column":26},"end":{"line":54,"column":2}},"6":{"start":{"line":56,"column":27},"end":{"line":62,"column":2}}},"fnMap":{"0":{"name":"(anonymous_1)","decl":{"start":{"line":10,"column":13},"end":{"line":10,"column":14}},"loc":{"start":{"line":10,"column":75},"end":{"line":20,"column":1}}}},"branchMap":{},"s":{"0":1,"1":1,"2":3,"3":1,"4":1,"5":1,"6":1},"f":{"0":3},"b":{}}
,"C:\\Projects\\Software Design\\student-management-system\\src\\components\\common\\DropDownMenu.tsx": {"path":"C:\\Projects\\Software Design\\student-management-system\\src\\components\\common\\DropDownMenu.tsx","statementMap":{"0":{"start":{"line":1,"column":0},"end":{"line":1,"column":52}},"1":{"start":{"line":2,"column":0},"end":{"line":2,"column":39}},"2":{"start":{"line":10,"column":21},"end":{"line":77,"column":1}},"3":{"start":{"line":15,"column":30},"end":{"line":15,"column":45}},"4":{"start":{"line":16,"column":34},"end":{"line":16,"column":73}},"5":{"start":{"line":18,"column":2},"end":{"line":22,"column":24}},"6":{"start":{"line":19,"column":4},"end":{"line":21,"column":5}},"7":{"start":{"line":20,"column":6},"end":{"line":20,"column":35}},"8":{"start":{"line":23,"column":22},"end":{"line":23,"column":50}},"9":{"start":{"line":25,"column":2},"end":{"line":37,"column":9}},"10":{"start":{"line":26,"column":31},"end":{"line":33,"column":5}},"11":{"start":{"line":27,"column":6},"end":{"line":32,"column":7}},"12":{"start":{"line":31,"column":8},"end":{"line":31,"column":25}},"13":{"start":{"line":35,"column":4},"end":{"line":35,"column":63}},"14":{"start":{"line":36,"column":4},"end":{"line":36,"column":79}},"15":{"start":{"line":36,"column":17},"end":{"line":36,"column":78}},"16":{"start":{"line":39,"column":23},"end":{"line":46,"column":3}},"17":{"start":{"line":40,"column":4},"end":{"line":40,"column":24}},"18":{"start":{"line":41,"column":4},"end":{"line":41,"column":21}},"19":{"start":{"line":43,"column":4},"end":{"line":45,"column":5}},"20":{"start":{"line":44,"column":6},"end":{"line":44,"column":23}},"21":{"start":{"line":48,"column":2},"end":{"line":76,"column":4}},"22":{"start":{"line":52,"column":10},"end":{"line":52,"column":30}},"23":{"start":{"line":53,"column":10},"end":{"line":53,"column":29}},"24":{"start":{"line":63,"column":12},"end":{"line":64,"column":null}},"25":{"start":{"line":66,"column":16},"end":{"line":66,"column":36}},"26":{"start":{"line":67,"column":16},"end":{"line":67,"column":37}},"27":{"start":{"line":79,"column":0},"end":{"line":79,"column":28}},"28":{"start":{"line":82,"column":28},"end":{"line":87,"column":2}},"29":{"start":{"line":89,"column":23},"end":{"line":105,"column":2}},"30":{"start":{"line":107,"column":22},"end":{"line":111,"column":2}},"31":{"start":{"line":113,"column":21},"end":{"line":125,"column":2}},"32":{"start":{"line":127,"column":21},"end":{"line":133,"column":2}}},"fnMap":{"0":{"name":"(anonymous_1)","decl":{"start":{"line":10,"column":21},"end":{"line":10,"column":22}},"loc":{"start":{"line":14,"column":24},"end":{"line":77,"column":1}}},"1":{"name":"(anonymous_2)","decl":{"start":{"line":18,"column":12},"end":{"line":18,"column":15}},"loc":{"start":{"line":18,"column":17},"end":{"line":22,"column":3}}},"2":{"name":"(anonymous_3)","decl":{"start":{"line":25,"column":12},"end":{"line":25,"column":15}},"loc":{"start":{"line":25,"column":17},"end":{"line":37,"column":3}}},"3":{"name":"(anonymous_4)","decl":{"start":{"line":26,"column":31},"end":{"line":26,"column":32}},"loc":{"start":{"line":26,"column":53},"end":{"line":33,"column":5}}},"4":{"name":"(anonymous_5)","decl":{"start":{"line":36,"column":11},"end":{"line":36,"column":14}},"loc":{"start":{"line":36,"column":17},"end":{"line":36,"column":78}}},"5":{"name":"(anonymous_6)","decl":{"start":{"line":39,"column":23},"end":{"line":39,"column":24}},"loc":{"start":{"line":39,"column":42},"end":{"line":46,"column":3}}},"6":{"name":"(anonymous_7)","decl":{"start":{"line":51,"column":17},"end":{"line":51,"column":18}},"loc":{"start":{"line":51,"column":23},"end":{"line":54,"column":9}}},"7":{"name":"(anonymous_8)","decl":{"start":{"line":62,"column":23},"end":{"line":62,"column":24}},"loc":{"start":{"line":63,"column":12},"end":{"line":64,"column":null}}},"8":{"name":"(anonymous_9)","decl":{"start":{"line":65,"column":23},"end":{"line":65,"column":24}},"loc":{"start":{"line":65,"column":29},"end":{"line":68,"column":15}}}},"branchMap":{"0":{"loc":{"start":{"line":16,"column":43},"end":{"line":16,"column":72}},"type":"binary-expr","locations":[{"start":{"line":16,"column":43},"end":{"line":16,"column":58}},{"start":{"line":16,"column":62},"end":{"line":16,"column":72}}]},"1":{"loc":{"start":{"line":19,"column":4},"end":{"line":21,"column":5}},"type":"if","locations":[{"start":{"line":19,"column":4},"end":{"line":21,"column":5}}]},"2":{"loc":{"start":{"line":27,"column":6},"end":{"line":32,"column":7}},"type":"if","locations":[{"start":{"line":27,"column":6},"end":{"line":32,"column":7}}]},"3":{"loc":{"start":{"line":28,"column":8},"end":{"line":29,"column":59}},"type":"binary-expr","locations":[{"start":{"line":28,"column":8},"end":{"line":28,"column":27}},{"start":{"line":29,"column":8},"end":{"line":29,"column":59}}]},"4":{"loc":{"start":{"line":43,"column":4},"end":{"line":45,"column":5}},"type":"if","locations":[{"start":{"line":43,"column":4},"end":{"line":45,"column":5}}]},"5":{"loc":{"start":{"line":60,"column":7},"end":{"line":73,"column":null}},"type":"binary-expr","locations":[{"start":{"line":60,"column":7},"end":{"line":60,"column":13}},{"start":{"line":61,"column":8},"end":{"line":72,"column":null}}]}},"s":{"0":1,"1":1,"2":1,"3":6,"4":6,"5":6,"6":3,"7":1,"8":6,"9":6,"10":3,"11":0,"12":0,"13":3,"14":3,"15":3,"16":6,"17":1,"18":1,"19":1,"20":1,"21":6,"22":2,"23":2,"24":6,"25":1,"26":1,"27":1,"28":1,"29":1,"30":1,"31":1,"32":1},"f":{"0":6,"1":3,"2":3,"3":0,"4":3,"5":1,"6":2,"7":6,"8":1},"b":{"0":[6,5],"1":[1],"2":[0],"3":[0,0],"4":[1],"5":[6,2]}}
}
