{"C:\\Projects\\Software Design\\student-management-system\\src\\apis\\attendance.ts": {"path":"C:\\Projects\\Software Design\\student-management-system\\src\\apis\\attendance.ts","statementMap":{"0":{"start":{"line":1,"column":0},"end":{"line":1,"column":50}},"1":{"start":{"line":11,"column":38},"end":{"line":19,"column":2}},"2":{"start":{"line":13,"column":27},"end":{"line":19,"column":2}},"3":{"start":{"line":14,"column":19},"end":{"line":15,"column":null}},"4":{"start":{"line":17,"column":2},"end":{"line":17,"column":29}},"5":{"start":{"line":18,"column":2},"end":{"line":18,"column":41}},"6":{"start":{"line":11,"column":13},"end":{"line":11,"column":38}},"7":{"start":{"line":22,"column":31},"end":{"line":27,"column":2}},"8":{"start":{"line":22,"column":65},"end":{"line":27,"column":2}},"9":{"start":{"line":23,"column":19},"end":{"line":24,"column":null}},"10":{"start":{"line":26,"column":2},"end":{"line":26,"column":41}},"11":{"start":{"line":22,"column":13},"end":{"line":22,"column":31}},"12":{"start":{"line":30,"column":39},"end":{"line":48,"column":2}},"13":{"start":{"line":34,"column":27},"end":{"line":48,"column":2}},"14":{"start":{"line":35,"column":19},"end":{"line":45,"column":null}},"15":{"start":{"line":47,"column":2},"end":{"line":47,"column":41}},"16":{"start":{"line":30,"column":13},"end":{"line":30,"column":39}},"17":{"start":{"line":51,"column":44},"end":{"line":75,"column":2}},"18":{"start":{"line":56,"column":27},"end":{"line":75,"column":2}},"19":{"start":{"line":57,"column":2},"end":{"line":57,"column":48}},"20":{"start":{"line":59,"column":19},"end":{"line":69,"column":null}},"21":{"start":{"line":72,"column":2},"end":{"line":72,"column":29}},"22":{"start":{"line":74,"column":2},"end":{"line":74,"column":41}},"23":{"start":{"line":51,"column":13},"end":{"line":51,"column":44}},"24":{"start":{"line":78,"column":30},"end":{"line":87,"column":2}},"25":{"start":{"line":81,"column":18},"end":{"line":87,"column":2}},"26":{"start":{"line":82,"column":19},"end":{"line":84,"column":null}},"27":{"start":{"line":86,"column":2},"end":{"line":86,"column":23}},"28":{"start":{"line":78,"column":13},"end":{"line":78,"column":30}},"29":{"start":{"line":90,"column":32},"end":{"line":100,"column":2}},"30":{"start":{"line":93,"column":18},"end":{"line":100,"column":2}},"31":{"start":{"line":94,"column":2},"end":{"line":94,"column":20}},"32":{"start":{"line":95,"column":19},"end":{"line":97,"column":null}},"33":{"start":{"line":99,"column":2},"end":{"line":99,"column":23}},"34":{"start":{"line":90,"column":13},"end":{"line":90,"column":32}},"35":{"start":{"line":103,"column":32},"end":{"line":105,"column":2}},"36":{"start":{"line":103,"column":78},"end":{"line":105,"column":2}},"37":{"start":{"line":104,"column":2},"end":{"line":104,"column":72}},"38":{"start":{"line":103,"column":13},"end":{"line":103,"column":32}}},"fnMap":{"0":{"name":"(anonymous_8)","decl":{"start":{"line":11,"column":38},"end":{"line":11,"column":null}},"loc":{"start":{"line":13,"column":27},"end":{"line":19,"column":2}}},"1":{"name":"(anonymous_9)","decl":{"start":{"line":13,"column":27},"end":{"line":13,"column":null}},"loc":{"start":{"line":13,"column":27},"end":{"line":19,"column":1}}},"2":{"name":"(anonymous_10)","decl":{"start":{"line":22,"column":31},"end":{"line":22,"column":63}},"loc":{"start":{"line":22,"column":65},"end":{"line":27,"column":2}}},"3":{"name":"(anonymous_11)","decl":{"start":{"line":22,"column":65},"end":{"line":22,"column":null}},"loc":{"start":{"line":22,"column":65},"end":{"line":27,"column":1}}},"4":{"name":"(anonymous_12)","decl":{"start":{"line":30,"column":39},"end":{"line":30,"column":null}},"loc":{"start":{"line":34,"column":27},"end":{"line":48,"column":2}}},"5":{"name":"(anonymous_13)","decl":{"start":{"line":34,"column":27},"end":{"line":34,"column":null}},"loc":{"start":{"line":34,"column":27},"end":{"line":48,"column":1}}},"6":{"name":"(anonymous_14)","decl":{"start":{"line":51,"column":44},"end":{"line":51,"column":null}},"loc":{"start":{"line":56,"column":27},"end":{"line":75,"column":2}}},"7":{"name":"(anonymous_15)","decl":{"start":{"line":56,"column":27},"end":{"line":56,"column":null}},"loc":{"start":{"line":56,"column":27},"end":{"line":75,"column":1}}},"8":{"name":"(anonymous_16)","decl":{"start":{"line":78,"column":30},"end":{"line":78,"column":null}},"loc":{"start":{"line":81,"column":18},"end":{"line":87,"column":2}}},"9":{"name":"(anonymous_17)","decl":{"start":{"line":81,"column":18},"end":{"line":81,"column":null}},"loc":{"start":{"line":81,"column":18},"end":{"line":87,"column":1}}},"10":{"name":"(anonymous_18)","decl":{"start":{"line":90,"column":32},"end":{"line":90,"column":null}},"loc":{"start":{"line":93,"column":18},"end":{"line":100,"column":2}}},"11":{"name":"(anonymous_19)","decl":{"start":{"line":93,"column":18},"end":{"line":93,"column":null}},"loc":{"start":{"line":93,"column":18},"end":{"line":100,"column":1}}},"12":{"name":"(anonymous_20)","decl":{"start":{"line":103,"column":32},"end":{"line":103,"column":39}},"loc":{"start":{"line":103,"column":78},"end":{"line":105,"column":2}}},"13":{"name":"(anonymous_21)","decl":{"start":{"line":103,"column":78},"end":{"line":103,"column":null}},"loc":{"start":{"line":103,"column":78},"end":{"line":105,"column":1}}}},"branchMap":{"0":{"loc":{"start":{"line":65,"column":12},"end":{"line":65,"column":34}},"type":"cond-expr","locations":[{"start":{"line":65,"column":20},"end":{"line":65,"column":29}},{"start":{"line":65,"column":32},"end":{"line":65,"column":34}}]}},"s":{"0":1,"1":1,"2":1,"3":1,"4":1,"5":1,"6":1,"7":1,"8":1,"9":1,"10":1,"11":1,"12":1,"13":1,"14":1,"15":1,"16":1,"17":1,"18":1,"19":1,"20":1,"21":1,"22":1,"23":1,"24":1,"25":1,"26":1,"27":1,"28":1,"29":1,"30":1,"31":1,"32":1,"33":1,"34":1,"35":1,"36":1,"37":1,"38":1},"f":{"0":1,"1":1,"2":1,"3":1,"4":1,"5":1,"6":1,"7":1,"8":1,"9":1,"10":1,"11":1,"12":1,"13":1},"b":{"0":[0,1]}}
,"C:\\Projects\\Software Design\\student-management-system\\src\\apis\\axiosInstance.ts": {"path":"C:\\Projects\\Software Design\\student-management-system\\src\\apis\\axiosInstance.ts","statementMap":{"0":{"start":{"line":1,"column":0},"end":{"line":1,"column":26}},"1":{"start":{"line":3,"column":22},"end":{"line":5,"column":2}},"2":{"start":{"line":8,"column":0},"end":{"line":14,"column":3}},"3":{"start":{"line":10,"column":2},"end":{"line":12,"column":3}},"4":{"start":{"line":11,"column":4},"end":{"line":11,"column":35}},"5":{"start":{"line":13,"column":2},"end":{"line":13,"column":18}},"6":{"start":{"line":16,"column":0},"end":{"line":16,"column":29}}},"fnMap":{"0":{"name":"(anonymous_1)","decl":{"start":{"line":8,"column":40},"end":{"line":8,"column":41}},"loc":{"start":{"line":8,"column":53},"end":{"line":14,"column":1}}}},"branchMap":{"0":{"loc":{"start":{"line":10,"column":2},"end":{"line":12,"column":3}},"type":"if","locations":[{"start":{"line":10,"column":2},"end":{"line":12,"column":3}}]},"1":{"loc":{"start":{"line":10,"column":6},"end":{"line":10,"column":40}},"type":"binary-expr","locations":[{"start":{"line":10,"column":6},"end":{"line":10,"column":19}},{"start":{"line":10,"column":23},"end":{"line":10,"column":40}}]}},"s":{"0":16,"1":16,"2":16,"3":0,"4":0,"5":0,"6":16},"f":{"0":0},"b":{"0":[0],"1":[0,0]}}
,"C:\\Projects\\Software Design\\student-management-system\\src\\apis\\consult.ts": {"path":"C:\\Projects\\Software Design\\student-management-system\\src\\apis\\consult.ts","statementMap":{"0":{"start":{"line":1,"column":0},"end":{"line":1,"column":50}},"1":{"start":{"line":6,"column":26},"end":{"line":13,"column":2}},"2":{"start":{"line":6,"column":74},"end":{"line":13,"column":2}},"3":{"start":{"line":7,"column":19},"end":{"line":8,"column":null}},"4":{"start":{"line":10,"column":2},"end":{"line":10,"column":28}},"5":{"start":{"line":11,"column":2},"end":{"line":11,"column":29}},"6":{"start":{"line":12,"column":2},"end":{"line":12,"column":41}},"7":{"start":{"line":6,"column":13},"end":{"line":6,"column":26}},"8":{"start":{"line":16,"column":27},"end":{"line":37,"column":2}},"9":{"start":{"line":25,"column":18},"end":{"line":37,"column":2}},"10":{"start":{"line":26,"column":2},"end":{"line":36,"column":3}},"11":{"start":{"line":27,"column":21},"end":{"line":29,"column":null}},"12":{"start":{"line":31,"column":4},"end":{"line":31,"column":47}},"13":{"start":{"line":32,"column":4},"end":{"line":32,"column":25}},"14":{"start":{"line":34,"column":4},"end":{"line":34,"column":41}},"15":{"start":{"line":35,"column":4},"end":{"line":35,"column":16}},"16":{"start":{"line":16,"column":13},"end":{"line":16,"column":27}},"17":{"start":{"line":40,"column":26},"end":{"line":61,"column":2}},"18":{"start":{"line":49,"column":18},"end":{"line":61,"column":2}},"19":{"start":{"line":50,"column":2},"end":{"line":60,"column":3}},"20":{"start":{"line":51,"column":21},"end":{"line":53,"column":null}},"21":{"start":{"line":55,"column":4},"end":{"line":55,"column":44}},"22":{"start":{"line":56,"column":4},"end":{"line":56,"column":25}},"23":{"start":{"line":58,"column":4},"end":{"line":58,"column":38}},"24":{"start":{"line":59,"column":4},"end":{"line":59,"column":16}},"25":{"start":{"line":40,"column":13},"end":{"line":40,"column":26}},"26":{"start":{"line":64,"column":29},"end":{"line":72,"column":2}},"27":{"start":{"line":64,"column":72},"end":{"line":72,"column":2}},"28":{"start":{"line":65,"column":2},"end":{"line":71,"column":3}},"29":{"start":{"line":66,"column":4},"end":{"line":66,"column":68}},"30":{"start":{"line":67,"column":4},"end":{"line":67,"column":28}},"31":{"start":{"line":69,"column":4},"end":{"line":69,"column":38}},"32":{"start":{"line":70,"column":4},"end":{"line":70,"column":16}},"33":{"start":{"line":64,"column":13},"end":{"line":64,"column":29}},"34":{"start":{"line":75,"column":34},"end":{"line":93,"column":2}},"35":{"start":{"line":79,"column":24},"end":{"line":93,"column":2}},"36":{"start":{"line":80,"column":2},"end":{"line":92,"column":3}},"37":{"start":{"line":81,"column":21},"end":{"line":85,"column":null}},"38":{"start":{"line":87,"column":4},"end":{"line":87,"column":48}},"39":{"start":{"line":88,"column":4},"end":{"line":88,"column":25}},"40":{"start":{"line":90,"column":4},"end":{"line":90,"column":42}},"41":{"start":{"line":91,"column":4},"end":{"line":91,"column":16}},"42":{"start":{"line":75,"column":13},"end":{"line":75,"column":34}},"43":{"start":{"line":96,"column":46},"end":{"line":113,"column":2}},"44":{"start":{"line":101,"column":25},"end":{"line":113,"column":2}},"45":{"start":{"line":102,"column":2},"end":{"line":112,"column":3}},"46":{"start":{"line":103,"column":21},"end":{"line":105,"column":null}},"47":{"start":{"line":107,"column":4},"end":{"line":107,"column":50}},"48":{"start":{"line":108,"column":4},"end":{"line":108,"column":25}},"49":{"start":{"line":110,"column":4},"end":{"line":110,"column":44}},"50":{"start":{"line":111,"column":4},"end":{"line":111,"column":16}},"51":{"start":{"line":96,"column":13},"end":{"line":96,"column":46}}},"fnMap":{"0":{"name":"(anonymous_8)","decl":{"start":{"line":6,"column":26},"end":{"line":6,"column":33}},"loc":{"start":{"line":6,"column":74},"end":{"line":13,"column":2}}},"1":{"name":"(anonymous_9)","decl":{"start":{"line":6,"column":74},"end":{"line":6,"column":null}},"loc":{"start":{"line":6,"column":74},"end":{"line":13,"column":1}}},"2":{"name":"(anonymous_10)","decl":{"start":{"line":16,"column":27},"end":{"line":16,"column":null}},"loc":{"start":{"line":25,"column":18},"end":{"line":37,"column":2}}},"3":{"name":"(anonymous_11)","decl":{"start":{"line":25,"column":18},"end":{"line":25,"column":null}},"loc":{"start":{"line":25,"column":18},"end":{"line":37,"column":1}}},"4":{"name":"(anonymous_12)","decl":{"start":{"line":40,"column":26},"end":{"line":40,"column":null}},"loc":{"start":{"line":49,"column":18},"end":{"line":61,"column":2}}},"5":{"name":"(anonymous_13)","decl":{"start":{"line":49,"column":18},"end":{"line":49,"column":null}},"loc":{"start":{"line":49,"column":18},"end":{"line":61,"column":1}}},"6":{"name":"(anonymous_14)","decl":{"start":{"line":64,"column":29},"end":{"line":64,"column":36}},"loc":{"start":{"line":64,"column":72},"end":{"line":72,"column":2}}},"7":{"name":"(anonymous_15)","decl":{"start":{"line":64,"column":72},"end":{"line":64,"column":null}},"loc":{"start":{"line":64,"column":72},"end":{"line":72,"column":1}}},"8":{"name":"(anonymous_16)","decl":{"start":{"line":75,"column":34},"end":{"line":75,"column":null}},"loc":{"start":{"line":79,"column":24},"end":{"line":93,"column":2}}},"9":{"name":"(anonymous_17)","decl":{"start":{"line":79,"column":24},"end":{"line":79,"column":null}},"loc":{"start":{"line":79,"column":24},"end":{"line":93,"column":1}}},"10":{"name":"(anonymous_18)","decl":{"start":{"line":96,"column":46},"end":{"line":96,"column":53}},"loc":{"start":{"line":101,"column":25},"end":{"line":113,"column":2}}},"11":{"name":"(anonymous_19)","decl":{"start":{"line":101,"column":25},"end":{"line":101,"column":null}},"loc":{"start":{"line":101,"column":25},"end":{"line":113,"column":1}}}},"branchMap":{},"s":{"0":1,"1":1,"2":1,"3":1,"4":1,"5":1,"6":1,"7":1,"8":1,"9":1,"10":1,"11":1,"12":1,"13":1,"14":0,"15":0,"16":1,"17":1,"18":1,"19":1,"20":1,"21":1,"22":1,"23":0,"24":0,"25":1,"26":1,"27":1,"28":1,"29":1,"30":1,"31":0,"32":0,"33":1,"34":1,"35":1,"36":1,"37":1,"38":1,"39":1,"40":0,"41":0,"42":1,"43":1,"44":1,"45":1,"46":1,"47":1,"48":1,"49":0,"50":0,"51":1},"f":{"0":1,"1":1,"2":1,"3":1,"4":1,"5":1,"6":1,"7":1,"8":1,"9":1,"10":1,"11":1},"b":{}}
,"C:\\Projects\\Software Design\\student-management-system\\src\\apis\\feedback.ts": {"path":"C:\\Projects\\Software Design\\student-management-system\\src\\apis\\feedback.ts","statementMap":{"0":{"start":{"line":1,"column":0},"end":{"line":1,"column":50}},"1":{"start":{"line":6,"column":27},"end":{"line":13,"column":2}},"2":{"start":{"line":6,"column":76},"end":{"line":13,"column":2}},"3":{"start":{"line":7,"column":2},"end":{"line":7,"column":35}},"4":{"start":{"line":8,"column":19},"end":{"line":9,"column":null}},"5":{"start":{"line":11,"column":2},"end":{"line":11,"column":46}},"6":{"start":{"line":12,"column":2},"end":{"line":12,"column":41}},"7":{"start":{"line":6,"column":13},"end":{"line":6,"column":27}},"8":{"start":{"line":16,"column":29},"end":{"line":22,"column":2}},"9":{"start":{"line":16,"column":61},"end":{"line":22,"column":2}},"10":{"start":{"line":17,"column":19},"end":{"line":18,"column":null}},"11":{"start":{"line":20,"column":2},"end":{"line":20,"column":45}},"12":{"start":{"line":21,"column":2},"end":{"line":21,"column":41}},"13":{"start":{"line":16,"column":13},"end":{"line":16,"column":29}},"14":{"start":{"line":25,"column":37},"end":{"line":37,"column":2}},"15":{"start":{"line":28,"column":25},"end":{"line":37,"column":2}},"16":{"start":{"line":29,"column":19},"end":{"line":33,"column":null}},"17":{"start":{"line":35,"column":2},"end":{"line":35,"column":48}},"18":{"start":{"line":36,"column":2},"end":{"line":36,"column":23}},"19":{"start":{"line":25,"column":13},"end":{"line":25,"column":37}},"20":{"start":{"line":40,"column":42},"end":{"line":53,"column":2}},"21":{"start":{"line":44,"column":25},"end":{"line":53,"column":2}},"22":{"start":{"line":45,"column":19},"end":{"line":49,"column":null}},"23":{"start":{"line":51,"column":2},"end":{"line":51,"column":49}},"24":{"start":{"line":52,"column":2},"end":{"line":52,"column":23}},"25":{"start":{"line":40,"column":13},"end":{"line":40,"column":42}},"26":{"start":{"line":57,"column":28},"end":{"line":80,"column":2}},"27":{"start":{"line":68,"column":18},"end":{"line":80,"column":2}},"28":{"start":{"line":69,"column":2},"end":{"line":79,"column":3}},"29":{"start":{"line":70,"column":21},"end":{"line":72,"column":null}},"30":{"start":{"line":74,"column":4},"end":{"line":74,"column":45}},"31":{"start":{"line":75,"column":4},"end":{"line":75,"column":25}},"32":{"start":{"line":77,"column":4},"end":{"line":77,"column":39}},"33":{"start":{"line":78,"column":4},"end":{"line":78,"column":16}},"34":{"start":{"line":57,"column":13},"end":{"line":57,"column":28}},"35":{"start":{"line":83,"column":27},"end":{"line":102,"column":2}},"36":{"start":{"line":94,"column":19},"end":{"line":102,"column":2}},"37":{"start":{"line":95,"column":2},"end":{"line":101,"column":3}},"38":{"start":{"line":96,"column":4},"end":{"line":96,"column":80}},"39":{"start":{"line":97,"column":4},"end":{"line":97,"column":29}},"40":{"start":{"line":99,"column":4},"end":{"line":99,"column":39}},"41":{"start":{"line":100,"column":4},"end":{"line":100,"column":16}},"42":{"start":{"line":83,"column":13},"end":{"line":83,"column":27}},"43":{"start":{"line":105,"column":30},"end":{"line":113,"column":2}},"44":{"start":{"line":105,"column":74},"end":{"line":113,"column":2}},"45":{"start":{"line":106,"column":2},"end":{"line":112,"column":3}},"46":{"start":{"line":107,"column":4},"end":{"line":107,"column":70}},"47":{"start":{"line":108,"column":4},"end":{"line":108,"column":29}},"48":{"start":{"line":110,"column":4},"end":{"line":110,"column":39}},"49":{"start":{"line":111,"column":4},"end":{"line":111,"column":16}},"50":{"start":{"line":105,"column":13},"end":{"line":105,"column":30}}},"fnMap":{"0":{"name":"(anonymous_8)","decl":{"start":{"line":6,"column":27},"end":{"line":6,"column":34}},"loc":{"start":{"line":6,"column":76},"end":{"line":13,"column":2}}},"1":{"name":"(anonymous_9)","decl":{"start":{"line":6,"column":76},"end":{"line":6,"column":null}},"loc":{"start":{"line":6,"column":76},"end":{"line":13,"column":1}}},"2":{"name":"(anonymous_10)","decl":{"start":{"line":16,"column":29},"end":{"line":16,"column":59}},"loc":{"start":{"line":16,"column":61},"end":{"line":22,"column":2}}},"3":{"name":"(anonymous_11)","decl":{"start":{"line":16,"column":61},"end":{"line":16,"column":null}},"loc":{"start":{"line":16,"column":61},"end":{"line":22,"column":1}}},"4":{"name":"(anonymous_12)","decl":{"start":{"line":25,"column":37},"end":{"line":25,"column":null}},"loc":{"start":{"line":28,"column":25},"end":{"line":37,"column":2}}},"5":{"name":"(anonymous_13)","decl":{"start":{"line":28,"column":25},"end":{"line":28,"column":null}},"loc":{"start":{"line":28,"column":25},"end":{"line":37,"column":1}}},"6":{"name":"(anonymous_14)","decl":{"start":{"line":40,"column":42},"end":{"line":40,"column":null}},"loc":{"start":{"line":44,"column":25},"end":{"line":53,"column":2}}},"7":{"name":"(anonymous_15)","decl":{"start":{"line":44,"column":25},"end":{"line":44,"column":null}},"loc":{"start":{"line":44,"column":25},"end":{"line":53,"column":1}}},"8":{"name":"(anonymous_16)","decl":{"start":{"line":57,"column":28},"end":{"line":57,"column":null}},"loc":{"start":{"line":68,"column":18},"end":{"line":80,"column":2}}},"9":{"name":"(anonymous_17)","decl":{"start":{"line":68,"column":18},"end":{"line":68,"column":null}},"loc":{"start":{"line":68,"column":18},"end":{"line":80,"column":1}}},"10":{"name":"(anonymous_18)","decl":{"start":{"line":83,"column":27},"end":{"line":83,"column":null}},"loc":{"start":{"line":94,"column":19},"end":{"line":102,"column":2}}},"11":{"name":"(anonymous_19)","decl":{"start":{"line":94,"column":19},"end":{"line":94,"column":null}},"loc":{"start":{"line":94,"column":19},"end":{"line":102,"column":1}}},"12":{"name":"(anonymous_20)","decl":{"start":{"line":105,"column":30},"end":{"line":105,"column":37}},"loc":{"start":{"line":105,"column":74},"end":{"line":113,"column":2}}},"13":{"name":"(anonymous_21)","decl":{"start":{"line":105,"column":74},"end":{"line":105,"column":null}},"loc":{"start":{"line":105,"column":74},"end":{"line":113,"column":1}}}},"branchMap":{},"s":{"0":3,"1":3,"2":3,"3":3,"4":3,"5":1,"6":1,"7":3,"8":3,"9":1,"10":1,"11":1,"12":1,"13":3,"14":3,"15":1,"16":1,"17":1,"18":1,"19":3,"20":3,"21":1,"22":1,"23":1,"24":1,"25":3,"26":3,"27":1,"28":1,"29":1,"30":1,"31":1,"32":0,"33":0,"34":3,"35":3,"36":1,"37":1,"38":1,"39":1,"40":0,"41":0,"42":3,"43":3,"44":1,"45":1,"46":1,"47":1,"48":0,"49":0,"50":3},"f":{"0":3,"1":3,"2":1,"3":1,"4":1,"5":1,"6":1,"7":1,"8":1,"9":1,"10":1,"11":1,"12":1,"13":1},"b":{}}
,"C:\\Projects\\Software Design\\student-management-system\\src\\apis\\grade.ts": {"path":"C:\\Projects\\Software Design\\student-management-system\\src\\apis\\grade.ts","statementMap":{"0":{"start":{"line":1,"column":0},"end":{"line":1,"column":50}},"1":{"start":{"line":6,"column":27},"end":{"line":10,"column":2}},"2":{"start":{"line":6,"column":56},"end":{"line":10,"column":2}},"3":{"start":{"line":8,"column":4},"end":{"line":8,"column":71}},"4":{"start":{"line":9,"column":2},"end":{"line":9,"column":28}},"5":{"start":{"line":6,"column":13},"end":{"line":6,"column":27}},"6":{"start":{"line":13,"column":37},"end":{"line":20,"column":2}},"7":{"start":{"line":15,"column":22},"end":{"line":20,"column":2}},"8":{"start":{"line":16,"column":19},"end":{"line":17,"column":null}},"9":{"start":{"line":19,"column":2},"end":{"line":19,"column":28}},"10":{"start":{"line":13,"column":13},"end":{"line":13,"column":37}},"11":{"start":{"line":23,"column":38},"end":{"line":35,"column":2}},"12":{"start":{"line":29,"column":23},"end":{"line":35,"column":2}},"13":{"start":{"line":30,"column":19},"end":{"line":32,"column":null}},"14":{"start":{"line":34,"column":2},"end":{"line":34,"column":28}},"15":{"start":{"line":23,"column":13},"end":{"line":23,"column":38}},"16":{"start":{"line":38,"column":34},"end":{"line":53,"column":2}},"17":{"start":{"line":45,"column":4},"end":{"line":53,"column":2}},"18":{"start":{"line":46,"column":2},"end":{"line":46,"column":20}},"19":{"start":{"line":47,"column":19},"end":{"line":49,"column":null}},"20":{"start":{"line":51,"column":2},"end":{"line":51,"column":24}},"21":{"start":{"line":52,"column":2},"end":{"line":52,"column":18}},"22":{"start":{"line":38,"column":13},"end":{"line":38,"column":34}},"23":{"start":{"line":56,"column":34},"end":{"line":66,"column":2}},"24":{"start":{"line":59,"column":20},"end":{"line":66,"column":2}},"25":{"start":{"line":60,"column":19},"end":{"line":62,"column":null}},"26":{"start":{"line":64,"column":2},"end":{"line":64,"column":29}},"27":{"start":{"line":65,"column":2},"end":{"line":65,"column":28}},"28":{"start":{"line":56,"column":13},"end":{"line":56,"column":34}},"29":{"start":{"line":69,"column":34},"end":{"line":72,"column":2}},"30":{"start":{"line":69,"column":75},"end":{"line":72,"column":2}},"31":{"start":{"line":70,"column":2},"end":{"line":70,"column":62}},"32":{"start":{"line":71,"column":2},"end":{"line":71,"column":23}},"33":{"start":{"line":69,"column":13},"end":{"line":69,"column":34}},"34":{"start":{"line":75,"column":31},"end":{"line":86,"column":2}},"35":{"start":{"line":79,"column":20},"end":{"line":86,"column":2}},"36":{"start":{"line":80,"column":19},"end":{"line":82,"column":null}},"37":{"start":{"line":84,"column":2},"end":{"line":84,"column":34}},"38":{"start":{"line":85,"column":2},"end":{"line":85,"column":28}},"39":{"start":{"line":75,"column":13},"end":{"line":75,"column":31}},"40":{"start":{"line":89,"column":33},"end":{"line":98,"column":2}},"41":{"start":{"line":92,"column":20},"end":{"line":98,"column":2}},"42":{"start":{"line":93,"column":19},"end":{"line":95,"column":null}},"43":{"start":{"line":97,"column":2},"end":{"line":97,"column":28}},"44":{"start":{"line":89,"column":13},"end":{"line":89,"column":33}}},"fnMap":{"0":{"name":"(anonymous_8)","decl":{"start":{"line":6,"column":27},"end":{"line":6,"column":54}},"loc":{"start":{"line":6,"column":56},"end":{"line":10,"column":2}}},"1":{"name":"(anonymous_9)","decl":{"start":{"line":6,"column":56},"end":{"line":6,"column":null}},"loc":{"start":{"line":6,"column":56},"end":{"line":10,"column":1}}},"2":{"name":"(anonymous_10)","decl":{"start":{"line":13,"column":37},"end":{"line":13,"column":null}},"loc":{"start":{"line":15,"column":22},"end":{"line":20,"column":2}}},"3":{"name":"(anonymous_11)","decl":{"start":{"line":15,"column":22},"end":{"line":15,"column":null}},"loc":{"start":{"line":15,"column":22},"end":{"line":20,"column":1}}},"4":{"name":"(anonymous_12)","decl":{"start":{"line":23,"column":38},"end":{"line":23,"column":45}},"loc":{"start":{"line":29,"column":23},"end":{"line":35,"column":2}}},"5":{"name":"(anonymous_13)","decl":{"start":{"line":29,"column":23},"end":{"line":29,"column":null}},"loc":{"start":{"line":29,"column":23},"end":{"line":35,"column":1}}},"6":{"name":"(anonymous_14)","decl":{"start":{"line":38,"column":34},"end":{"line":38,"column":null}},"loc":{"start":{"line":45,"column":4},"end":{"line":53,"column":2}}},"7":{"name":"(anonymous_15)","decl":{"start":{"line":45,"column":4},"end":{"line":45,"column":null}},"loc":{"start":{"line":45,"column":4},"end":{"line":53,"column":1}}},"8":{"name":"(anonymous_16)","decl":{"start":{"line":56,"column":34},"end":{"line":56,"column":null}},"loc":{"start":{"line":59,"column":20},"end":{"line":66,"column":2}}},"9":{"name":"(anonymous_17)","decl":{"start":{"line":59,"column":20},"end":{"line":59,"column":null}},"loc":{"start":{"line":59,"column":20},"end":{"line":66,"column":1}}},"10":{"name":"(anonymous_18)","decl":{"start":{"line":69,"column":34},"end":{"line":69,"column":41}},"loc":{"start":{"line":69,"column":75},"end":{"line":72,"column":2}}},"11":{"name":"(anonymous_19)","decl":{"start":{"line":69,"column":75},"end":{"line":69,"column":null}},"loc":{"start":{"line":69,"column":75},"end":{"line":72,"column":1}}},"12":{"name":"(anonymous_20)","decl":{"start":{"line":75,"column":31},"end":{"line":75,"column":null}},"loc":{"start":{"line":79,"column":20},"end":{"line":86,"column":2}}},"13":{"name":"(anonymous_21)","decl":{"start":{"line":79,"column":20},"end":{"line":79,"column":null}},"loc":{"start":{"line":79,"column":20},"end":{"line":86,"column":1}}},"14":{"name":"(anonymous_22)","decl":{"start":{"line":89,"column":33},"end":{"line":89,"column":null}},"loc":{"start":{"line":92,"column":20},"end":{"line":98,"column":2}}},"15":{"name":"(anonymous_23)","decl":{"start":{"line":92,"column":20},"end":{"line":92,"column":null}},"loc":{"start":{"line":92,"column":20},"end":{"line":98,"column":1}}}},"branchMap":{},"s":{"0":3,"1":3,"2":1,"3":1,"4":1,"5":3,"6":3,"7":1,"8":1,"9":1,"10":3,"11":3,"12":0,"13":0,"14":0,"15":3,"16":3,"17":1,"18":1,"19":1,"20":1,"21":1,"22":3,"23":3,"24":1,"25":1,"26":1,"27":1,"28":3,"29":3,"30":0,"31":0,"32":0,"33":3,"34":3,"35":2,"36":2,"37":1,"38":1,"39":3,"40":3,"41":0,"42":0,"43":0,"44":3},"f":{"0":1,"1":1,"2":1,"3":1,"4":0,"5":0,"6":1,"7":1,"8":1,"9":1,"10":0,"11":0,"12":2,"13":2,"14":0,"15":0},"b":{}}
,"C:\\Projects\\Software Design\\student-management-system\\src\\apis\\header.ts": {"path":"C:\\Projects\\Software Design\\student-management-system\\src\\apis\\header.ts","statementMap":{"0":{"start":{"line":1,"column":0},"end":{"line":1,"column":50}},"1":{"start":{"line":6,"column":31},"end":{"line":11,"column":2}},"2":{"start":{"line":6,"column":67},"end":{"line":11,"column":2}},"3":{"start":{"line":7,"column":19},"end":{"line":8,"column":null}},"4":{"start":{"line":10,"column":2},"end":{"line":10,"column":41}},"5":{"start":{"line":6,"column":13},"end":{"line":6,"column":31}},"6":{"start":{"line":14,"column":35},"end":{"line":25,"column":2}},"7":{"start":{"line":16,"column":26},"end":{"line":25,"column":2}},"8":{"start":{"line":17,"column":2},"end":{"line":17,"column":34}},"9":{"start":{"line":18,"column":19},"end":{"line":22,"column":null}},"10":{"start":{"line":24,"column":2},"end":{"line":24,"column":23}},"11":{"start":{"line":14,"column":13},"end":{"line":14,"column":35}}},"fnMap":{"0":{"name":"(anonymous_8)","decl":{"start":{"line":6,"column":31},"end":{"line":6,"column":65}},"loc":{"start":{"line":6,"column":67},"end":{"line":11,"column":2}}},"1":{"name":"(anonymous_9)","decl":{"start":{"line":6,"column":67},"end":{"line":6,"column":null}},"loc":{"start":{"line":6,"column":67},"end":{"line":11,"column":1}}},"2":{"name":"(anonymous_10)","decl":{"start":{"line":14,"column":35},"end":{"line":14,"column":null}},"loc":{"start":{"line":16,"column":26},"end":{"line":25,"column":2}}},"3":{"name":"(anonymous_11)","decl":{"start":{"line":16,"column":26},"end":{"line":16,"column":null}},"loc":{"start":{"line":16,"column":26},"end":{"line":25,"column":1}}}},"branchMap":{},"s":{"0":2,"1":2,"2":1,"3":1,"4":1,"5":2,"6":2,"7":1,"8":1,"9":1,"10":1,"11":2},"f":{"0":1,"1":1,"2":1,"3":1},"b":{}}
,"C:\\Projects\\Software Design\\student-management-system\\src\\apis\\members.ts": {"path":"C:\\Projects\\Software Design\\student-management-system\\src\\apis\\members.ts","statementMap":{"0":{"start":{"line":1,"column":0},"end":{"line":1,"column":50}},"1":{"start":{"line":2,"column":0},"end":{"line":2,"column":50}},"2":{"start":{"line":3,"column":0},"end":{"line":3,"column":54}},"3":{"start":{"line":6,"column":0},"end":{"line":6,"column":50}},"4":{"start":{"line":9,"column":29},"end":{"line":13,"column":2}},"5":{"start":{"line":9,"column":72},"end":{"line":13,"column":2}},"6":{"start":{"line":11,"column":4},"end":{"line":11,"column":73}},"7":{"start":{"line":12,"column":2},"end":{"line":12,"column":23}},"8":{"start":{"line":9,"column":13},"end":{"line":9,"column":29}},"9":{"start":{"line":16,"column":35},"end":{"line":24,"column":2}},"10":{"start":{"line":18,"column":4},"end":{"line":24,"column":2}},"11":{"start":{"line":19,"column":19},"end":{"line":20,"column":null}},"12":{"start":{"line":22,"column":2},"end":{"line":22,"column":53}},"13":{"start":{"line":23,"column":2},"end":{"line":23,"column":23}},"14":{"start":{"line":16,"column":13},"end":{"line":16,"column":35}},"15":{"start":{"line":27,"column":22},"end":{"line":70,"column":2}},"16":{"start":{"line":36,"column":4},"end":{"line":70,"column":2}},"17":{"start":{"line":37,"column":2},"end":{"line":69,"column":3}},"18":{"start":{"line":38,"column":4},"end":{"line":47,"column":6}},"19":{"start":{"line":48,"column":21},"end":{"line":57,"column":6}},"20":{"start":{"line":59,"column":17},"end":{"line":59,"column":30}},"21":{"start":{"line":60,"column":4},"end":{"line":65,"column":5}},"22":{"start":{"line":62,"column":6},"end":{"line":62,"column":18}},"23":{"start":{"line":64,"column":6},"end":{"line":64,"column":55}},"24":{"start":{"line":67,"column":4},"end":{"line":67,"column":40}},"25":{"start":{"line":68,"column":4},"end":{"line":68,"column":31}},"26":{"start":{"line":27,"column":13},"end":{"line":27,"column":22}},"27":{"start":{"line":73,"column":21},"end":{"line":99,"column":2}},"28":{"start":{"line":73,"column":67},"end":{"line":99,"column":2}},"29":{"start":{"line":74,"column":2},"end":{"line":98,"column":3}},"30":{"start":{"line":75,"column":21},"end":{"line":78,"column":6}},"31":{"start":{"line":80,"column":17},"end":{"line":80,"column":30}},"32":{"start":{"line":81,"column":4},"end":{"line":94,"column":5}},"33":{"start":{"line":82,"column":6},"end":{"line":82,"column":52}},"34":{"start":{"line":83,"column":6},"end":{"line":86,"column":9}},"35":{"start":{"line":88,"column":6},"end":{"line":91,"column":8}},"36":{"start":{"line":93,"column":6},"end":{"line":93,"column":54}},"37":{"start":{"line":96,"column":4},"end":{"line":96,"column":39}},"38":{"start":{"line":97,"column":4},"end":{"line":97,"column":30}},"39":{"start":{"line":73,"column":13},"end":{"line":73,"column":21}},"40":{"start":{"line":101,"column":23},"end":{"line":106,"column":2}},"41":{"start":{"line":101,"column":67},"end":{"line":106,"column":2}},"42":{"start":{"line":102,"column":19},"end":{"line":103,"column":null}},"43":{"start":{"line":105,"column":2},"end":{"line":105,"column":23}},"44":{"start":{"line":101,"column":13},"end":{"line":101,"column":23}},"45":{"start":{"line":109,"column":30},"end":{"line":115,"column":2}},"46":{"start":{"line":109,"column":62},"end":{"line":115,"column":2}},"47":{"start":{"line":110,"column":19},"end":{"line":111,"column":null}},"48":{"start":{"line":113,"column":2},"end":{"line":113,"column":47}},"49":{"start":{"line":114,"column":2},"end":{"line":114,"column":41}},"50":{"start":{"line":109,"column":13},"end":{"line":109,"column":30}},"51":{"start":{"line":118,"column":30},"end":{"line":126,"column":2}},"52":{"start":{"line":120,"column":42},"end":{"line":126,"column":2}},"53":{"start":{"line":121,"column":19},"end":{"line":122,"column":null}},"54":{"start":{"line":124,"column":2},"end":{"line":124,"column":47}},"55":{"start":{"line":125,"column":2},"end":{"line":125,"column":23}},"56":{"start":{"line":118,"column":13},"end":{"line":118,"column":30}},"57":{"start":{"line":136,"column":26},"end":{"line":144,"column":2}},"58":{"start":{"line":138,"column":26},"end":{"line":144,"column":2}},"59":{"start":{"line":139,"column":19},"end":{"line":141,"column":null}},"60":{"start":{"line":143,"column":2},"end":{"line":143,"column":23}},"61":{"start":{"line":136,"column":13},"end":{"line":136,"column":26}},"62":{"start":{"line":147,"column":32},"end":{"line":154,"column":2}},"63":{"start":{"line":149,"column":26},"end":{"line":154,"column":2}},"64":{"start":{"line":150,"column":19},"end":{"line":151,"column":null}},"65":{"start":{"line":153,"column":2},"end":{"line":153,"column":23}},"66":{"start":{"line":147,"column":13},"end":{"line":147,"column":32}},"67":{"start":{"line":157,"column":38},"end":{"line":184,"column":2}},"68":{"start":{"line":161,"column":25},"end":{"line":184,"column":2}},"69":{"start":{"line":162,"column":2},"end":{"line":183,"column":3}},"70":{"start":{"line":163,"column":43},"end":{"line":165,"column":6}},"71":{"start":{"line":166,"column":4},"end":{"line":168,"column":5}},"72":{"start":{"line":167,"column":6},"end":{"line":167,"column":31}},"73":{"start":{"line":169,"column":4},"end":{"line":171,"column":5}},"74":{"start":{"line":170,"column":6},"end":{"line":170,"column":32}},"75":{"start":{"line":172,"column":4},"end":{"line":172,"column":34}},"76":{"start":{"line":174,"column":21},"end":{"line":176,"column":null}},"77":{"start":{"line":178,"column":4},"end":{"line":178,"column":75}},"78":{"start":{"line":179,"column":4},"end":{"line":179,"column":43}},"79":{"start":{"line":181,"column":4},"end":{"line":181,"column":67}},"80":{"start":{"line":182,"column":4},"end":{"line":182,"column":16}},"81":{"start":{"line":157,"column":13},"end":{"line":157,"column":38}},"82":{"start":{"line":198,"column":32},"end":{"line":228,"column":2}},"83":{"start":{"line":201,"column":34},"end":{"line":228,"column":2}},"84":{"start":{"line":202,"column":2},"end":{"line":227,"column":3}},"85":{"start":{"line":203,"column":21},"end":{"line":203,"column":35}},"86":{"start":{"line":204,"column":4},"end":{"line":207,"column":6}},"87":{"start":{"line":209,"column":4},"end":{"line":211,"column":5}},"88":{"start":{"line":210,"column":6},"end":{"line":210,"column":46}},"89":{"start":{"line":213,"column":21},"end":{"line":220,"column":null}},"90":{"start":{"line":223,"column":4},"end":{"line":223,"column":25}},"91":{"start":{"line":225,"column":4},"end":{"line":225,"column":41}},"92":{"start":{"line":226,"column":4},"end":{"line":226,"column":46}},"93":{"start":{"line":198,"column":13},"end":{"line":198,"column":32}}},"fnMap":{"0":{"name":"(anonymous_8)","decl":{"start":{"line":9,"column":29},"end":{"line":9,"column":70}},"loc":{"start":{"line":9,"column":72},"end":{"line":13,"column":2}}},"1":{"name":"(anonymous_9)","decl":{"start":{"line":9,"column":72},"end":{"line":9,"column":null}},"loc":{"start":{"line":9,"column":72},"end":{"line":13,"column":1}}},"2":{"name":"(anonymous_10)","decl":{"start":{"line":16,"column":35},"end":{"line":16,"column":null}},"loc":{"start":{"line":18,"column":4},"end":{"line":24,"column":2}}},"3":{"name":"(anonymous_11)","decl":{"start":{"line":18,"column":4},"end":{"line":18,"column":null}},"loc":{"start":{"line":18,"column":4},"end":{"line":24,"column":1}}},"4":{"name":"(anonymous_12)","decl":{"start":{"line":27,"column":22},"end":{"line":27,"column":null}},"loc":{"start":{"line":36,"column":4},"end":{"line":70,"column":2}}},"5":{"name":"(anonymous_13)","decl":{"start":{"line":36,"column":4},"end":{"line":36,"column":null}},"loc":{"start":{"line":36,"column":4},"end":{"line":70,"column":1}}},"6":{"name":"(anonymous_14)","decl":{"start":{"line":73,"column":21},"end":{"line":73,"column":28}},"loc":{"start":{"line":73,"column":67},"end":{"line":99,"column":2}}},"7":{"name":"(anonymous_15)","decl":{"start":{"line":73,"column":67},"end":{"line":73,"column":null}},"loc":{"start":{"line":73,"column":67},"end":{"line":99,"column":1}}},"8":{"name":"(anonymous_16)","decl":{"start":{"line":101,"column":23},"end":{"line":101,"column":65}},"loc":{"start":{"line":101,"column":67},"end":{"line":106,"column":2}}},"9":{"name":"(anonymous_17)","decl":{"start":{"line":101,"column":67},"end":{"line":101,"column":null}},"loc":{"start":{"line":101,"column":67},"end":{"line":106,"column":1}}},"10":{"name":"(anonymous_18)","decl":{"start":{"line":109,"column":30},"end":{"line":109,"column":60}},"loc":{"start":{"line":109,"column":62},"end":{"line":115,"column":2}}},"11":{"name":"(anonymous_19)","decl":{"start":{"line":109,"column":62},"end":{"line":109,"column":null}},"loc":{"start":{"line":109,"column":62},"end":{"line":115,"column":1}}},"12":{"name":"(anonymous_20)","decl":{"start":{"line":118,"column":30},"end":{"line":118,"column":null}},"loc":{"start":{"line":120,"column":42},"end":{"line":126,"column":2}}},"13":{"name":"(anonymous_21)","decl":{"start":{"line":120,"column":42},"end":{"line":120,"column":null}},"loc":{"start":{"line":120,"column":42},"end":{"line":126,"column":1}}},"14":{"name":"(anonymous_22)","decl":{"start":{"line":136,"column":26},"end":{"line":136,"column":null}},"loc":{"start":{"line":138,"column":26},"end":{"line":144,"column":2}}},"15":{"name":"(anonymous_23)","decl":{"start":{"line":138,"column":26},"end":{"line":138,"column":null}},"loc":{"start":{"line":138,"column":26},"end":{"line":144,"column":1}}},"16":{"name":"(anonymous_24)","decl":{"start":{"line":147,"column":32},"end":{"line":147,"column":null}},"loc":{"start":{"line":149,"column":26},"end":{"line":154,"column":2}}},"17":{"name":"(anonymous_25)","decl":{"start":{"line":149,"column":26},"end":{"line":149,"column":null}},"loc":{"start":{"line":149,"column":26},"end":{"line":154,"column":1}}},"18":{"name":"(anonymous_26)","decl":{"start":{"line":157,"column":38},"end":{"line":157,"column":null}},"loc":{"start":{"line":161,"column":25},"end":{"line":184,"column":2}}},"19":{"name":"(anonymous_27)","decl":{"start":{"line":161,"column":25},"end":{"line":161,"column":null}},"loc":{"start":{"line":161,"column":25},"end":{"line":184,"column":1}}},"20":{"name":"(anonymous_28)","decl":{"start":{"line":198,"column":32},"end":{"line":198,"column":null}},"loc":{"start":{"line":201,"column":34},"end":{"line":228,"column":2}}},"21":{"name":"(anonymous_29)","decl":{"start":{"line":201,"column":34},"end":{"line":201,"column":null}},"loc":{"start":{"line":201,"column":34},"end":{"line":228,"column":1}}}},"branchMap":{"0":{"loc":{"start":{"line":60,"column":4},"end":{"line":65,"column":5}},"type":"if","locations":[{"start":{"line":60,"column":4},"end":{"line":65,"column":5}},{"start":{"line":63,"column":11},"end":{"line":65,"column":5}}]},"1":{"loc":{"start":{"line":64,"column":22},"end":{"line":64,"column":53}},"type":"binary-expr","locations":[{"start":{"line":64,"column":22},"end":{"line":64,"column":40}},{"start":{"line":64,"column":44},"end":{"line":64,"column":53}}]},"2":{"loc":{"start":{"line":81,"column":4},"end":{"line":94,"column":5}},"type":"if","locations":[{"start":{"line":81,"column":4},"end":{"line":94,"column":5}},{"start":{"line":92,"column":11},"end":{"line":94,"column":5}}]},"3":{"loc":{"start":{"line":93,"column":22},"end":{"line":93,"column":52}},"type":"binary-expr","locations":[{"start":{"line":93,"column":22},"end":{"line":93,"column":40}},{"start":{"line":93,"column":44},"end":{"line":93,"column":52}}]},"4":{"loc":{"start":{"line":166,"column":4},"end":{"line":168,"column":5}},"type":"if","locations":[{"start":{"line":166,"column":4},"end":{"line":168,"column":5}}]},"5":{"loc":{"start":{"line":169,"column":4},"end":{"line":171,"column":5}},"type":"if","locations":[{"start":{"line":169,"column":4},"end":{"line":171,"column":5}}]},"6":{"loc":{"start":{"line":209,"column":4},"end":{"line":211,"column":5}},"type":"if","locations":[{"start":{"line":209,"column":4},"end":{"line":211,"column":5}}]}},"s":{"0":17,"1":17,"2":17,"3":17,"4":17,"5":1,"6":1,"7":1,"8":17,"9":17,"10":1,"11":1,"12":1,"13":1,"14":17,"15":17,"16":1,"17":1,"18":1,"19":1,"20":1,"21":1,"22":1,"23":0,"24":0,"25":0,"26":17,"27":17,"28":0,"29":0,"30":0,"31":0,"32":0,"33":0,"34":0,"35":0,"36":0,"37":0,"38":0,"39":17,"40":17,"41":1,"42":1,"43":1,"44":17,"45":17,"46":1,"47":1,"48":1,"49":1,"50":17,"51":17,"52":1,"53":1,"54":1,"55":1,"56":17,"57":17,"58":1,"59":1,"60":1,"61":17,"62":17,"63":1,"64":1,"65":1,"66":17,"67":17,"68":1,"69":1,"70":1,"71":1,"72":1,"73":1,"74":1,"75":1,"76":1,"77":1,"78":1,"79":0,"80":0,"81":17,"82":17,"83":0,"84":0,"85":0,"86":0,"87":0,"88":0,"89":0,"90":0,"91":0,"92":0,"93":17},"f":{"0":1,"1":1,"2":1,"3":1,"4":1,"5":1,"6":0,"7":0,"8":1,"9":1,"10":1,"11":1,"12":1,"13":1,"14":1,"15":1,"16":1,"17":1,"18":1,"19":1,"20":0,"21":0},"b":{"0":[1,0],"1":[0,0],"2":[0,0],"3":[0,0],"4":[1],"5":[1],"6":[0]}}
,"C:\\Projects\\Software Design\\student-management-system\\src\\apis\\refreshInstance.ts": {"path":"C:\\Projects\\Software Design\\student-management-system\\src\\apis\\refreshInstance.ts","statementMap":{"0":{"start":{"line":1,"column":0},"end":{"line":1,"column":26}},"1":{"start":{"line":2,"column":0},"end":{"line":2,"column":50}},"2":{"start":{"line":4,"column":24},"end":{"line":6,"column":2}},"3":{"start":{"line":9,"column":0},"end":{"line":21,"column":2}},"4":{"start":{"line":11,"column":29},"end":{"line":11,"column":62}},"5":{"start":{"line":12,"column":4},"end":{"line":12,"column":67}},"6":{"start":{"line":13,"column":4},"end":{"line":15,"column":5}},"7":{"start":{"line":14,"column":6},"end":{"line":14,"column":65}},"8":{"start":{"line":16,"column":4},"end":{"line":16,"column":18}},"9":{"start":{"line":19,"column":4},"end":{"line":19,"column":33}},"10":{"start":{"line":24,"column":0},"end":{"line":30,"column":3}},"11":{"start":{"line":26,"column":2},"end":{"line":28,"column":3}},"12":{"start":{"line":27,"column":4},"end":{"line":27,"column":35}},"13":{"start":{"line":29,"column":2},"end":{"line":29,"column":18}},"14":{"start":{"line":32,"column":0},"end":{"line":32,"column":31}}},"fnMap":{"0":{"name":"(anonymous_1)","decl":{"start":{"line":10,"column":2},"end":{"line":10,"column":3}},"loc":{"start":{"line":10,"column":13},"end":{"line":17,"column":3}}},"1":{"name":"(anonymous_2)","decl":{"start":{"line":18,"column":2},"end":{"line":18,"column":3}},"loc":{"start":{"line":18,"column":12},"end":{"line":20,"column":3}}},"2":{"name":"(anonymous_3)","decl":{"start":{"line":24,"column":42},"end":{"line":24,"column":43}},"loc":{"start":{"line":24,"column":55},"end":{"line":30,"column":1}}}},"branchMap":{"0":{"loc":{"start":{"line":13,"column":4},"end":{"line":15,"column":5}},"type":"if","locations":[{"start":{"line":13,"column":4},"end":{"line":15,"column":5}}]},"1":{"loc":{"start":{"line":26,"column":2},"end":{"line":28,"column":3}},"type":"if","locations":[{"start":{"line":26,"column":2},"end":{"line":28,"column":3}}]},"2":{"loc":{"start":{"line":26,"column":6},"end":{"line":26,"column":40}},"type":"binary-expr","locations":[{"start":{"line":26,"column":6},"end":{"line":26,"column":19}},{"start":{"line":26,"column":23},"end":{"line":26,"column":40}}]}},"s":{"0":17,"1":17,"2":17,"3":17,"4":2,"5":2,"6":2,"7":2,"8":2,"9":0,"10":17,"11":2,"12":2,"13":2,"14":17},"f":{"0":2,"1":0,"2":2},"b":{"0":[2],"1":[2],"2":[2,2]}}
,"C:\\Projects\\Software Design\\student-management-system\\src\\apis\\reportcreate.ts": {"path":"C:\\Projects\\Software Design\\student-management-system\\src\\apis\\reportcreate.ts","statementMap":{"0":{"start":{"line":1,"column":0},"end":{"line":1,"column":44}},"1":{"start":{"line":3,"column":33},"end":{"line":25,"column":2}},"2":{"start":{"line":13,"column":19},"end":{"line":25,"column":2}},"3":{"start":{"line":14,"column":2},"end":{"line":24,"column":3}},"4":{"start":{"line":15,"column":21},"end":{"line":17,"column":null}},"5":{"start":{"line":19,"column":4},"end":{"line":19,"column":48}},"6":{"start":{"line":20,"column":4},"end":{"line":20,"column":25}},"7":{"start":{"line":22,"column":4},"end":{"line":22,"column":41}},"8":{"start":{"line":23,"column":4},"end":{"line":23,"column":16}},"9":{"start":{"line":3,"column":13},"end":{"line":3,"column":33}}},"fnMap":{"0":{"name":"(anonymous_8)","decl":{"start":{"line":3,"column":33},"end":{"line":3,"column":40}},"loc":{"start":{"line":13,"column":19},"end":{"line":25,"column":2}}},"1":{"name":"(anonymous_9)","decl":{"start":{"line":13,"column":19},"end":{"line":13,"column":null}},"loc":{"start":{"line":13,"column":19},"end":{"line":25,"column":1}}}},"branchMap":{},"s":{"0":1,"1":1,"2":2,"3":2,"4":2,"5":1,"6":1,"7":1,"8":1,"9":1},"f":{"0":2,"1":2},"b":{}}
,"C:\\Projects\\Software Design\\student-management-system\\src\\apis\\specialnote.ts": {"path":"C:\\Projects\\Software Design\\student-management-system\\src\\apis\\specialnote.ts","statementMap":{"0":{"start":{"line":1,"column":0},"end":{"line":1,"column":50}},"1":{"start":{"line":10,"column":33},"end":{"line":18,"column":2}},"2":{"start":{"line":12,"column":26},"end":{"line":18,"column":2}},"3":{"start":{"line":13,"column":19},"end":{"line":14,"column":null}},"4":{"start":{"line":16,"column":2},"end":{"line":16,"column":62}},"5":{"start":{"line":17,"column":2},"end":{"line":17,"column":41}},"6":{"start":{"line":10,"column":13},"end":{"line":10,"column":33}},"7":{"start":{"line":21,"column":38},"end":{"line":29,"column":2}},"8":{"start":{"line":23,"column":26},"end":{"line":29,"column":2}},"9":{"start":{"line":24,"column":19},"end":{"line":25,"column":null}},"10":{"start":{"line":27,"column":2},"end":{"line":27,"column":44}},"11":{"start":{"line":28,"column":2},"end":{"line":28,"column":23}},"12":{"start":{"line":21,"column":13},"end":{"line":21,"column":38}},"13":{"start":{"line":32,"column":29},"end":{"line":47,"column":2}},"14":{"start":{"line":35,"column":18},"end":{"line":47,"column":2}},"15":{"start":{"line":36,"column":2},"end":{"line":46,"column":3}},"16":{"start":{"line":37,"column":21},"end":{"line":39,"column":null}},"17":{"start":{"line":41,"column":4},"end":{"line":41,"column":46}},"18":{"start":{"line":42,"column":4},"end":{"line":42,"column":25}},"19":{"start":{"line":44,"column":4},"end":{"line":44,"column":40}},"20":{"start":{"line":45,"column":4},"end":{"line":45,"column":16}},"21":{"start":{"line":32,"column":13},"end":{"line":32,"column":29}},"22":{"start":{"line":50,"column":31},"end":{"line":65,"column":2}},"23":{"start":{"line":53,"column":18},"end":{"line":65,"column":2}},"24":{"start":{"line":54,"column":2},"end":{"line":64,"column":3}},"25":{"start":{"line":55,"column":21},"end":{"line":57,"column":null}},"26":{"start":{"line":59,"column":4},"end":{"line":59,"column":46}},"27":{"start":{"line":60,"column":4},"end":{"line":60,"column":25}},"28":{"start":{"line":62,"column":4},"end":{"line":62,"column":40}},"29":{"start":{"line":63,"column":4},"end":{"line":63,"column":16}},"30":{"start":{"line":50,"column":13},"end":{"line":50,"column":31}},"31":{"start":{"line":68,"column":31},"end":{"line":76,"column":2}},"32":{"start":{"line":68,"column":76},"end":{"line":76,"column":2}},"33":{"start":{"line":69,"column":2},"end":{"line":75,"column":3}},"34":{"start":{"line":70,"column":4},"end":{"line":70,"column":72}},"35":{"start":{"line":71,"column":4},"end":{"line":71,"column":30}},"36":{"start":{"line":73,"column":4},"end":{"line":73,"column":40}},"37":{"start":{"line":74,"column":4},"end":{"line":74,"column":16}},"38":{"start":{"line":68,"column":13},"end":{"line":68,"column":31}}},"fnMap":{"0":{"name":"(anonymous_8)","decl":{"start":{"line":10,"column":33},"end":{"line":10,"column":null}},"loc":{"start":{"line":12,"column":26},"end":{"line":18,"column":2}}},"1":{"name":"(anonymous_9)","decl":{"start":{"line":12,"column":26},"end":{"line":12,"column":null}},"loc":{"start":{"line":12,"column":26},"end":{"line":18,"column":1}}},"2":{"name":"(anonymous_10)","decl":{"start":{"line":21,"column":38},"end":{"line":21,"column":null}},"loc":{"start":{"line":23,"column":26},"end":{"line":29,"column":2}}},"3":{"name":"(anonymous_11)","decl":{"start":{"line":23,"column":26},"end":{"line":23,"column":null}},"loc":{"start":{"line":23,"column":26},"end":{"line":29,"column":1}}},"4":{"name":"(anonymous_12)","decl":{"start":{"line":32,"column":29},"end":{"line":32,"column":null}},"loc":{"start":{"line":35,"column":18},"end":{"line":47,"column":2}}},"5":{"name":"(anonymous_13)","decl":{"start":{"line":35,"column":18},"end":{"line":35,"column":null}},"loc":{"start":{"line":35,"column":18},"end":{"line":47,"column":1}}},"6":{"name":"(anonymous_14)","decl":{"start":{"line":50,"column":31},"end":{"line":50,"column":null}},"loc":{"start":{"line":53,"column":18},"end":{"line":65,"column":2}}},"7":{"name":"(anonymous_15)","decl":{"start":{"line":53,"column":18},"end":{"line":53,"column":null}},"loc":{"start":{"line":53,"column":18},"end":{"line":65,"column":1}}},"8":{"name":"(anonymous_16)","decl":{"start":{"line":68,"column":31},"end":{"line":68,"column":38}},"loc":{"start":{"line":68,"column":76},"end":{"line":76,"column":2}}},"9":{"name":"(anonymous_17)","decl":{"start":{"line":68,"column":76},"end":{"line":68,"column":null}},"loc":{"start":{"line":68,"column":76},"end":{"line":76,"column":1}}}},"branchMap":{},"s":{"0":2,"1":2,"2":4,"3":4,"4":1,"5":1,"6":2,"7":2,"8":1,"9":1,"10":1,"11":1,"12":2,"13":2,"14":1,"15":1,"16":1,"17":1,"18":1,"19":0,"20":0,"21":2,"22":2,"23":1,"24":1,"25":1,"26":1,"27":1,"28":0,"29":0,"30":2,"31":2,"32":1,"33":1,"34":1,"35":1,"36":0,"37":0,"38":2},"f":{"0":4,"1":4,"2":1,"3":1,"4":1,"5":1,"6":1,"7":1,"8":1,"9":1},"b":{}}
,"C:\\Projects\\Software Design\\student-management-system\\src\\apis\\tokenInstance.ts": {"path":"C:\\Projects\\Software Design\\student-management-system\\src\\apis\\tokenInstance.ts","statementMap":{"0":{"start":{"line":1,"column":0},"end":{"line":1,"column":42}},"1":{"start":{"line":2,"column":0},"end":{"line":2,"column":50}},"2":{"start":{"line":3,"column":0},"end":{"line":3,"column":42}},"3":{"start":{"line":5,"column":22},"end":{"line":7,"column":2}},"4":{"start":{"line":10,"column":0},"end":{"line":20,"column":2}},"5":{"start":{"line":12,"column":28},"end":{"line":12,"column":61}},"6":{"start":{"line":13,"column":4},"end":{"line":16,"column":5}},"7":{"start":{"line":14,"column":6},"end":{"line":14,"column":66}},"8":{"start":{"line":15,"column":6},"end":{"line":15,"column":64}},"9":{"start":{"line":17,"column":4},"end":{"line":17,"column":18}},"10":{"start":{"line":19,"column":13},"end":{"line":19,"column":34}},"11":{"start":{"line":23,"column":28},"end":{"line":23,"column":33}},"12":{"start":{"line":25,"column":0},"end":{"line":66,"column":2}},"13":{"start":{"line":27,"column":4},"end":{"line":29,"column":5}},"14":{"start":{"line":28,"column":6},"end":{"line":28,"column":37}},"15":{"start":{"line":30,"column":4},"end":{"line":30,"column":20}},"16":{"start":{"line":32,"column":75},"end":{"line":65,"column":null}},"17":{"start":{"line":33,"column":28},"end":{"line":33,"column":40}},"18":{"start":{"line":35,"column":4},"end":{"line":62,"column":5}},"19":{"start":{"line":36,"column":6},"end":{"line":36,"column":36}},"20":{"start":{"line":38,"column":6},"end":{"line":61,"column":7}},"21":{"start":{"line":39,"column":39},"end":{"line":39,"column":54}},"22":{"start":{"line":40,"column":8},"end":{"line":40,"column":59}},"23":{"start":{"line":41,"column":8},"end":{"line":41,"column":72}},"24":{"start":{"line":42,"column":8},"end":{"line":43,"column":47}},"25":{"start":{"line":44,"column":8},"end":{"line":44,"column":46}},"26":{"start":{"line":46,"column":8},"end":{"line":55,"column":9}},"27":{"start":{"line":47,"column":10},"end":{"line":47,"column":39}},"28":{"start":{"line":49,"column":10},"end":{"line":49,"column":49}},"29":{"start":{"line":50,"column":10},"end":{"line":52,"column":65}},"30":{"start":{"line":53,"column":10},"end":{"line":53,"column":47}},"31":{"start":{"line":54,"column":10},"end":{"line":54,"column":44}},"32":{"start":{"line":58,"column":10},"end":{"line":59,"column":32}},"33":{"start":{"line":60,"column":8},"end":{"line":60,"column":44}},"34":{"start":{"line":64,"column":4},"end":{"line":64,"column":33}},"35":{"start":{"line":68,"column":0},"end":{"line":68,"column":29}}},"fnMap":{"0":{"name":"(anonymous_8)","decl":{"start":{"line":11,"column":2},"end":{"line":11,"column":3}},"loc":{"start":{"line":11,"column":13},"end":{"line":18,"column":3}}},"1":{"name":"(anonymous_9)","decl":{"start":{"line":19,"column":2},"end":{"line":19,"column":3}},"loc":{"start":{"line":19,"column":13},"end":{"line":19,"column":34}}},"2":{"name":"(anonymous_10)","decl":{"start":{"line":26,"column":2},"end":{"line":26,"column":3}},"loc":{"start":{"line":26,"column":15},"end":{"line":31,"column":3}}},"3":{"name":"(anonymous_11)","decl":{"start":{"line":32,"column":2},"end":{"line":32,"column":9}},"loc":{"start":{"line":32,"column":75},"end":{"line":65,"column":null}}},"4":{"name":"(anonymous_12)","decl":{"start":{"line":32,"column":75},"end":{"line":32,"column":null}},"loc":{"start":{"line":32,"column":75},"end":{"line":65,"column":3}}}},"branchMap":{"0":{"loc":{"start":{"line":13,"column":4},"end":{"line":16,"column":5}},"type":"if","locations":[{"start":{"line":13,"column":4},"end":{"line":16,"column":5}}]},"1":{"loc":{"start":{"line":27,"column":4},"end":{"line":29,"column":5}},"type":"if","locations":[{"start":{"line":27,"column":4},"end":{"line":29,"column":5}}]},"2":{"loc":{"start":{"line":27,"column":8},"end":{"line":27,"column":26}},"type":"cond-expr","locations":[{"start":{"line":27,"column":21},"end":{"line":27,"column":23}},{"start":{"line":27,"column":21},"end":{"line":27,"column":26}}]},"3":{"loc":{"start":{"line":27,"column":8},"end":{"line":27,"column":23}},"type":"binary-expr","locations":[{"start":{"line":27,"column":8},"end":{"line":27,"column":23}},{"start":{"line":27,"column":21},"end":{"line":27,"column":23}}]},"4":{"loc":{"start":{"line":35,"column":4},"end":{"line":62,"column":5}},"type":"if","locations":[{"start":{"line":35,"column":4},"end":{"line":62,"column":5}}]},"5":{"loc":{"start":{"line":35,"column":8},"end":{"line":35,"column":65}},"type":"binary-expr","locations":[{"start":{"line":35,"column":8},"end":{"line":35,"column":38}},{"start":{"line":35,"column":42},"end":{"line":35,"column":65}}]},"6":{"loc":{"start":{"line":35,"column":8},"end":{"line":35,"column":30}},"type":"cond-expr","locations":[{"start":{"line":35,"column":22},"end":{"line":35,"column":24}},{"start":{"line":35,"column":22},"end":{"line":35,"column":30}}]},"7":{"loc":{"start":{"line":35,"column":8},"end":{"line":35,"column":24}},"type":"binary-expr","locations":[{"start":{"line":35,"column":8},"end":{"line":35,"column":24}},{"start":{"line":35,"column":22},"end":{"line":35,"column":24}}]},"8":{"loc":{"start":{"line":46,"column":8},"end":{"line":55,"column":9}},"type":"if","locations":[{"start":{"line":46,"column":8},"end":{"line":55,"column":9}}]}},"s":{"0":17,"1":17,"2":17,"3":17,"4":17,"5":10,"6":5,"7":4,"8":4,"9":5,"10":0,"11":17,"12":17,"13":2,"14":0,"15":2,"16":7,"17":7,"18":7,"19":2,"20":2,"21":2,"22":1,"23":1,"24":1,"25":1,"26":1,"27":1,"28":1,"29":1,"30":1,"31":1,"32":1,"33":1,"34":5,"35":17},"f":{"0":10,"1":0,"2":2,"3":7,"4":7},"b":{"0":[4],"1":[0],"2":[0,2],"3":[2,2],"4":[2],"5":[7,2],"6":[5,2],"7":[7,7],"8":[1]}}
,"C:\\Projects\\Software Design\\student-management-system\\src\\components\\Modal\\FollowModal.tsx": {"path":"C:\\Projects\\Software Design\\student-management-system\\src\\components\\Modal\\FollowModal.tsx","statementMap":{"0":{"start":{"line":1,"column":0},"end":{"line":1,"column":28}},"1":{"start":{"line":2,"column":0},"end":{"line":2,"column":39}},"2":{"start":{"line":3,"column":0},"end":{"line":3,"column":50}},"3":{"start":{"line":4,"column":0},"end":{"line":4,"column":48}},"4":{"start":{"line":5,"column":0},"end":{"line":5,"column":54}},"5":{"start":{"line":7,"column":20},"end":{"line":25,"column":1}},"6":{"start":{"line":16,"column":2},"end":{"line":24,"column":4}},"7":{"start":{"line":26,"column":0},"end":{"line":26,"column":27}},"8":{"start":{"line":28,"column":27},"end":{"line":54,"column":1}},"9":{"start":{"line":36,"column":23},"end":{"line":43,"column":4}},"10":{"start":{"line":36,"column":34},"end":{"line":43,"column":4}},"11":{"start":{"line":37,"column":4},"end":{"line":42,"column":5}},"12":{"start":{"line":38,"column":19},"end":{"line":38,"column":51}},"13":{"start":{"line":39,"column":6},"end":{"line":39,"column":24}},"14":{"start":{"line":41,"column":6},"end":{"line":41,"column":25}},"15":{"start":{"line":44,"column":2},"end":{"line":53,"column":4}},"16":{"start":{"line":56,"column":34},"end":{"line":71,"column":2}},"17":{"start":{"line":73,"column":22},"end":{"line":81,"column":2}}},"fnMap":{"0":{"name":"(anonymous_8)","decl":{"start":{"line":7,"column":20},"end":{"line":7,"column":21}},"loc":{"start":{"line":15,"column":5},"end":{"line":25,"column":1}}},"1":{"name":"(anonymous_9)","decl":{"start":{"line":28,"column":27},"end":{"line":28,"column":28}},"loc":{"start":{"line":34,"column":5},"end":{"line":54,"column":1}}},"2":{"name":"(anonymous_10)","decl":{"start":{"line":36,"column":23},"end":{"line":36,"column":32}},"loc":{"start":{"line":36,"column":34},"end":{"line":43,"column":4}}},"3":{"name":"(anonymous_11)","decl":{"start":{"line":36,"column":34},"end":{"line":36,"column":null}},"loc":{"start":{"line":36,"column":34},"end":{"line":43,"column":3}}},"4":{"name":"(anonymous_12)","decl":{"start":{"line":49,"column":44},"end":{"line":49,"column":47}},"loc":{"start":{"line":49,"column":49},"end":{"line":49,"column":52}}}},"branchMap":{},"s":{"0":1,"1":1,"2":1,"3":1,"4":1,"5":1,"6":0,"7":1,"8":1,"9":0,"10":0,"11":0,"12":0,"13":0,"14":0,"15":0,"16":1,"17":1},"f":{"0":0,"1":0,"2":0,"3":0,"4":0},"b":{}}
,"C:\\Projects\\Software Design\\student-management-system\\src\\components\\Modal\\Modal.tsx": {"path":"C:\\Projects\\Software Design\\student-management-system\\src\\components\\Modal\\Modal.tsx","statementMap":{"0":{"start":{"line":1,"column":0},"end":{"line":1,"column":44}},"1":{"start":{"line":2,"column":0},"end":{"line":2,"column":39}},"2":{"start":{"line":4,"column":0},"end":{"line":4,"column":41}},"3":{"start":{"line":6,"column":18},"end":{"line":6,"column":72}},"4":{"start":{"line":8,"column":14},"end":{"line":35,"column":1}},"5":{"start":{"line":9,"column":32},"end":{"line":9,"column":47}},"6":{"start":{"line":11,"column":2},"end":{"line":15,"column":9}},"7":{"start":{"line":13,"column":4},"end":{"line":13,"column":21}},"8":{"start":{"line":14,"column":4},"end":{"line":14,"column":35}},"9":{"start":{"line":14,"column":17},"end":{"line":14,"column":34}},"10":{"start":{"line":17,"column":22},"end":{"line":21,"column":3}},"11":{"start":{"line":18,"column":4},"end":{"line":18,"column":22}},"12":{"start":{"line":20,"column":4},"end":{"line":20,"column":29}},"13":{"start":{"line":23,"column":2},"end":{"line":34,"column":4}},"14":{"start":{"line":25,"column":55},"end":{"line":25,"column":74}},"15":{"start":{"line":37,"column":0},"end":{"line":37,"column":21}},"16":{"start":{"line":40,"column":16},"end":{"line":54,"column":2}},"17":{"start":{"line":52,"column":32},"end":{"line":52,"column":48}},"18":{"start":{"line":56,"column":21},"end":{"line":80,"column":2}},"19":{"start":{"line":70,"column":4},"end":{"line":70,"column":51}},"20":{"start":{"line":72,"column":32},"end":{"line":72,"column":48}},"21":{"start":{"line":82,"column":23},"end":{"line":90,"column":2}},"22":{"start":{"line":93,"column":20},"end":{"line":109,"column":2}},"23":{"start":{"line":112,"column":20},"end":{"line":117,"column":2}}},"fnMap":{"0":{"name":"(anonymous_1)","decl":{"start":{"line":8,"column":14},"end":{"line":8,"column":15}},"loc":{"start":{"line":8,"column":58},"end":{"line":35,"column":1}}},"1":{"name":"(anonymous_2)","decl":{"start":{"line":11,"column":12},"end":{"line":11,"column":15}},"loc":{"start":{"line":11,"column":17},"end":{"line":15,"column":3}}},"2":{"name":"(anonymous_3)","decl":{"start":{"line":14,"column":11},"end":{"line":14,"column":14}},"loc":{"start":{"line":14,"column":17},"end":{"line":14,"column":34}}},"3":{"name":"(anonymous_4)","decl":{"start":{"line":17,"column":22},"end":{"line":17,"column":25}},"loc":{"start":{"line":17,"column":27},"end":{"line":21,"column":3}}},"4":{"name":"(anonymous_5)","decl":{"start":{"line":25,"column":48},"end":{"line":25,"column":49}},"loc":{"start":{"line":25,"column":55},"end":{"line":25,"column":74}}},"5":{"name":"(anonymous_6)","decl":{"start":{"line":52,"column":13},"end":{"line":52,"column":14}},"loc":{"start":{"line":52,"column":32},"end":{"line":52,"column":48}}},"6":{"name":"(anonymous_7)","decl":{"start":{"line":69,"column":15},"end":{"line":69,"column":16}},"loc":{"start":{"line":70,"column":4},"end":{"line":70,"column":51}}},"7":{"name":"(anonymous_8)","decl":{"start":{"line":72,"column":13},"end":{"line":72,"column":14}},"loc":{"start":{"line":72,"column":32},"end":{"line":72,"column":48}}}},"branchMap":{"0":{"loc":{"start":{"line":6,"column":18},"end":{"line":6,"column":72}},"type":"binary-expr","locations":[{"start":{"line":6,"column":18},"end":{"line":6,"column":55}},{"start":{"line":6,"column":59},"end":{"line":6,"column":72}}]},"1":{"loc":{"start":{"line":52,"column":32},"end":{"line":52,"column":48}},"type":"cond-expr","locations":[{"start":{"line":52,"column":43},"end":{"line":52,"column":44}},{"start":{"line":52,"column":47},"end":{"line":52,"column":48}}]},"2":{"loc":{"start":{"line":70,"column":4},"end":{"line":70,"column":51}},"type":"cond-expr","locations":[{"start":{"line":70,"column":15},"end":{"line":70,"column":30}},{"start":{"line":70,"column":33},"end":{"line":70,"column":51}}]},"3":{"loc":{"start":{"line":72,"column":32},"end":{"line":72,"column":48}},"type":"cond-expr","locations":[{"start":{"line":72,"column":43},"end":{"line":72,"column":44}},{"start":{"line":72,"column":47},"end":{"line":72,"column":48}}]}},"s":{"0":6,"1":6,"2":6,"3":6,"4":6,"5":22,"6":22,"7":11,"8":11,"9":11,"10":22,"11":0,"12":0,"13":22,"14":4,"15":6,"16":6,"17":22,"18":6,"19":22,"20":22,"21":6,"22":6,"23":6},"f":{"0":22,"1":11,"2":11,"3":0,"4":4,"5":22,"6":22,"7":22},"b":{"0":[6,6],"1":[11,11],"2":[11,11],"3":[11,11]}}
,"C:\\Projects\\Software Design\\student-management-system\\src\\components\\Modal\\Attendance\\AttendanceModal.tsx": {"path":"C:\\Projects\\Software Design\\student-management-system\\src\\components\\Modal\\Attendance\\AttendanceModal.tsx","statementMap":{"0":{"start":{"line":1,"column":0},"end":{"line":1,"column":29}},"1":{"start":{"line":2,"column":0},"end":{"line":2,"column":39}},"2":{"start":{"line":4,"column":0},"end":{"line":4,"column":37}},"3":{"start":{"line":5,"column":0},"end":{"line":5,"column":33}},"4":{"start":{"line":6,"column":0},"end":{"line":6,"column":63}},"5":{"start":{"line":7,"column":0},"end":{"line":7,"column":51}},"6":{"start":{"line":8,"column":0},"end":{"line":8,"column":53}},"7":{"start":{"line":11,"column":24},"end":{"line":25,"column":1}},"8":{"start":{"line":18,"column":2},"end":{"line":24,"column":4}},"9":{"start":{"line":26,"column":0},"end":{"line":26,"column":31}},"10":{"start":{"line":28,"column":31},"end":{"line":90,"column":1}},"11":{"start":{"line":33,"column":25},"end":{"line":33,"column":42}},"12":{"start":{"line":34,"column":13},"end":{"line":34,"column":35}},"13":{"start":{"line":37,"column":31},"end":{"line":37,"column":68}},"14":{"start":{"line":37,"column":37},"end":{"line":37,"column":68}},"15":{"start":{"line":38,"column":44},"end":{"line":39,"column":null}},"16":{"start":{"line":43,"column":23},"end":{"line":43,"column":44}},"17":{"start":{"line":44,"column":44},"end":{"line":45,"column":null}},"18":{"start":{"line":49,"column":30},"end":{"line":49,"column":69}},"19":{"start":{"line":52,"column":23},"end":{"line":52,"column":72}},"20":{"start":{"line":52,"column":60},"end":{"line":52,"column":71}},"21":{"start":{"line":54,"column":2},"end":{"line":89,"column":4}},"22":{"start":{"line":68,"column":36},"end":{"line":68,"column":60}},"23":{"start":{"line":75,"column":36},"end":{"line":75,"column":60}},"24":{"start":{"line":92,"column":38},"end":{"line":97,"column":2}},"25":{"start":{"line":99,"column":22},"end":{"line":105,"column":2}}},"fnMap":{"0":{"name":"(anonymous_1)","decl":{"start":{"line":11,"column":24},"end":{"line":11,"column":25}},"loc":{"start":{"line":17,"column":5},"end":{"line":25,"column":1}}},"1":{"name":"(anonymous_2)","decl":{"start":{"line":28,"column":31},"end":{"line":28,"column":32}},"loc":{"start":{"line":32,"column":5},"end":{"line":90,"column":1}}},"2":{"name":"(anonymous_3)","decl":{"start":{"line":37,"column":31},"end":{"line":37,"column":34}},"loc":{"start":{"line":37,"column":37},"end":{"line":37,"column":68}}},"3":{"name":"(anonymous_4)","decl":{"start":{"line":52,"column":50},"end":{"line":52,"column":51}},"loc":{"start":{"line":52,"column":60},"end":{"line":52,"column":71}}},"4":{"name":"(anonymous_5)","decl":{"start":{"line":68,"column":24},"end":{"line":68,"column":25}},"loc":{"start":{"line":68,"column":36},"end":{"line":68,"column":60}}},"5":{"name":"(anonymous_6)","decl":{"start":{"line":75,"column":24},"end":{"line":75,"column":25}},"loc":{"start":{"line":75,"column":36},"end":{"line":75,"column":60}}}},"branchMap":{},"s":{"0":1,"1":1,"2":1,"3":1,"4":1,"5":1,"6":1,"7":1,"8":2,"9":1,"10":1,"11":3,"12":3,"13":3,"14":6,"15":3,"16":3,"17":3,"18":3,"19":3,"20":36,"21":3,"22":0,"23":1,"24":1,"25":1},"f":{"0":2,"1":3,"2":6,"3":36,"4":0,"5":1},"b":{}}
,"C:\\Projects\\Software Design\\student-management-system\\src\\components\\Modal\\Consult\\ConsultModal.tsx": {"path":"C:\\Projects\\Software Design\\student-management-system\\src\\components\\Modal\\Consult\\ConsultModal.tsx","statementMap":{"0":{"start":{"line":1,"column":0},"end":{"line":1,"column":29}},"1":{"start":{"line":2,"column":0},"end":{"line":2,"column":39}},"2":{"start":{"line":4,"column":0},"end":{"line":4,"column":37}},"3":{"start":{"line":5,"column":0},"end":{"line":5,"column":38}},"4":{"start":{"line":6,"column":0},"end":{"line":6,"column":51}},"5":{"start":{"line":7,"column":0},"end":{"line":7,"column":33}},"6":{"start":{"line":8,"column":0},"end":{"line":8,"column":57}},"7":{"start":{"line":9,"column":0},"end":{"line":9,"column":51}},"8":{"start":{"line":10,"column":0},"end":{"line":10,"column":56}},"9":{"start":{"line":14,"column":21},"end":{"line":28,"column":1}},"10":{"start":{"line":21,"column":2},"end":{"line":27,"column":4}},"11":{"start":{"line":29,"column":0},"end":{"line":29,"column":28}},"12":{"start":{"line":31,"column":28},"end":{"line":84,"column":1}},"13":{"start":{"line":36,"column":23},"end":{"line":36,"column":37}},"14":{"start":{"line":39,"column":25},"end":{"line":39,"column":42}},"15":{"start":{"line":40,"column":20},"end":{"line":40,"column":42}},"16":{"start":{"line":41,"column":36},"end":{"line":41,"column":51}},"17":{"start":{"line":43,"column":48},"end":{"line":43,"column":78}},"18":{"start":{"line":45,"column":2},"end":{"line":83,"column":4}},"19":{"start":{"line":55,"column":18},"end":{"line":55,"column":46}},"20":{"start":{"line":56,"column":18},"end":{"line":56,"column":37}},"21":{"start":{"line":66,"column":18},"end":{"line":66,"column":43}},"22":{"start":{"line":67,"column":18},"end":{"line":67,"column":37}},"23":{"start":{"line":86,"column":36},"end":{"line":99,"column":2}}},"fnMap":{"0":{"name":"(anonymous_1)","decl":{"start":{"line":14,"column":21},"end":{"line":14,"column":22}},"loc":{"start":{"line":20,"column":5},"end":{"line":28,"column":1}}},"1":{"name":"(anonymous_2)","decl":{"start":{"line":31,"column":28},"end":{"line":31,"column":29}},"loc":{"start":{"line":35,"column":5},"end":{"line":84,"column":1}}},"2":{"name":"(anonymous_3)","decl":{"start":{"line":54,"column":26},"end":{"line":54,"column":27}},"loc":{"start":{"line":54,"column":38},"end":{"line":57,"column":17}}},"3":{"name":"(anonymous_4)","decl":{"start":{"line":65,"column":25},"end":{"line":65,"column":28}},"loc":{"start":{"line":65,"column":30},"end":{"line":68,"column":17}}}},"branchMap":{"0":{"loc":{"start":{"line":47,"column":7},"end":{"line":80,"column":null}},"type":"cond-expr","locations":[{"start":{"line":48,"column":8},"end":{"line":71,"column":null}},{"start":{"line":74,"column":8},"end":{"line":79,"column":null}}]},"1":{"loc":{"start":{"line":61,"column":11},"end":{"line":70,"column":null}},"type":"binary-expr","locations":[{"start":{"line":61,"column":11},"end":{"line":61,"column":43}},{"start":{"line":62,"column":12},"end":{"line":69,"column":null}}]}},"s":{"0":1,"1":1,"2":1,"3":1,"4":1,"5":1,"6":1,"7":1,"8":1,"9":1,"10":2,"11":1,"12":1,"13":3,"14":3,"15":3,"16":3,"17":3,"18":3,"19":0,"20":0,"21":1,"22":1,"23":1},"f":{"0":2,"1":3,"2":0,"3":1},"b":{"0":[2,1],"1":[2,2]}}
,"C:\\Projects\\Software Design\\student-management-system\\src\\components\\Modal\\FeedBack\\FeedBackAdd.tsx": {"path":"C:\\Projects\\Software Design\\student-management-system\\src\\components\\Modal\\FeedBack\\FeedBackAdd.tsx","statementMap":{"0":{"start":{"line":1,"column":0},"end":{"line":1,"column":39}},"1":{"start":{"line":2,"column":0},"end":{"line":2,"column":33}},"2":{"start":{"line":3,"column":0},"end":{"line":3,"column":72}},"3":{"start":{"line":4,"column":0},"end":{"line":4,"column":51}},"4":{"start":{"line":5,"column":0},"end":{"line":5,"column":53}},"5":{"start":{"line":6,"column":0},"end":{"line":6,"column":null}},"6":{"start":{"line":11,"column":0},"end":{"line":11,"column":51}},"7":{"start":{"line":14,"column":0},"end":{"line":14,"column":47}},"8":{"start":{"line":15,"column":0},"end":{"line":15,"column":56}},"9":{"start":{"line":22,"column":17},"end":{"line":31,"column":1}},"10":{"start":{"line":23,"column":2},"end":{"line":30,"column":4}},"11":{"start":{"line":39,"column":20},"end":{"line":199,"column":1}},"12":{"start":{"line":44,"column":25},"end":{"line":44,"column":42}},"13":{"start":{"line":45,"column":13},"end":{"line":45,"column":43}},"14":{"start":{"line":46,"column":23},"end":{"line":46,"column":37}},"15":{"start":{"line":47,"column":18},"end":{"line":47,"column":50}},"16":{"start":{"line":49,"column":21},"end":{"line":49,"column":45}},"17":{"start":{"line":50,"column":24},"end":{"line":50,"column":37}},"18":{"start":{"line":52,"column":42},"end":{"line":53,"column":null}},"19":{"start":{"line":55,"column":54},"end":{"line":56,"column":null}},"20":{"start":{"line":58,"column":48},"end":{"line":63,"column":4}},"21":{"start":{"line":59,"column":30},"end":{"line":59,"column":32}},"22":{"start":{"line":60,"column":4},"end":{"line":60,"column":62}},"23":{"start":{"line":60,"column":43},"end":{"line":60,"column":62}},"24":{"start":{"line":61,"column":4},"end":{"line":61,"column":62}},"25":{"start":{"line":61,"column":42},"end":{"line":61,"column":62}},"26":{"start":{"line":62,"column":4},"end":{"line":62,"column":19}},"27":{"start":{"line":65,"column":25},"end":{"line":67,"column":3}},"28":{"start":{"line":66,"column":4},"end":{"line":66,"column":38}},"29":{"start":{"line":69,"column":23},"end":{"line":75,"column":3}},"30":{"start":{"line":70,"column":4},"end":{"line":74,"column":5}},"31":{"start":{"line":71,"column":6},"end":{"line":71,"column":70}},"32":{"start":{"line":71,"column":55},"end":{"line":71,"column":67}},"33":{"start":{"line":73,"column":6},"end":{"line":73,"column":55}},"34":{"start":{"line":77,"column":23},"end":{"line":117,"column":4}},"35":{"start":{"line":77,"column":34},"end":{"line":117,"column":4}},"36":{"start":{"line":78,"column":29},"end":{"line":78,"column":59}},"37":{"start":{"line":79,"column":28},"end":{"line":79,"column":59}},"38":{"start":{"line":81,"column":16},"end":{"line":81,"column":26}},"39":{"start":{"line":82,"column":17},"end":{"line":82,"column":33}},"40":{"start":{"line":83,"column":4},"end":{"line":83,"column":22}},"41":{"start":{"line":83,"column":15},"end":{"line":83,"column":22}},"42":{"start":{"line":85,"column":6},"end":{"line":85,"column":68}},"43":{"start":{"line":87,"column":25},"end":{"line":95,"column":6}},"44":{"start":{"line":96,"column":31},"end":{"line":104,"column":6}},"45":{"start":{"line":106,"column":4},"end":{"line":116,"column":5}},"46":{"start":{"line":107,"column":6},"end":{"line":111,"column":7}},"47":{"start":{"line":108,"column":8},"end":{"line":108,"column":66}},"48":{"start":{"line":110,"column":8},"end":{"line":110,"column":45}},"49":{"start":{"line":112,"column":6},"end":{"line":112,"column":29}},"50":{"start":{"line":113,"column":6},"end":{"line":113,"column":26}},"51":{"start":{"line":115,"column":6},"end":{"line":115,"column":39}},"52":{"start":{"line":119,"column":23},"end":{"line":133,"column":4}},"53":{"start":{"line":119,"column":34},"end":{"line":133,"column":4}},"54":{"start":{"line":120,"column":4},"end":{"line":120,"column":33}},"55":{"start":{"line":120,"column":26},"end":{"line":120,"column":33}},"56":{"start":{"line":121,"column":26},"end":{"line":122,"column":null}},"57":{"start":{"line":124,"column":4},"end":{"line":124,"column":31}},"58":{"start":{"line":124,"column":24},"end":{"line":124,"column":31}},"59":{"start":{"line":126,"column":4},"end":{"line":132,"column":5}},"60":{"start":{"line":127,"column":6},"end":{"line":127,"column":47}},"61":{"start":{"line":128,"column":6},"end":{"line":128,"column":29}},"62":{"start":{"line":129,"column":6},"end":{"line":129,"column":26}},"63":{"start":{"line":131,"column":6},"end":{"line":131,"column":39}},"64":{"start":{"line":135,"column":2},"end":{"line":198,"column":4}},"65":{"start":{"line":146,"column":10},"end":{"line":146,"column":null}},"66":{"start":{"line":150,"column":30},"end":{"line":150,"column":54}},"67":{"start":{"line":164,"column":14},"end":{"line":164,"column":null}},"68":{"start":{"line":168,"column":34},"end":{"line":168,"column":54}},"69":{"start":{"line":181,"column":25},"end":{"line":181,"column":56}},"70":{"start":{"line":186,"column":48},"end":{"line":186,"column":67}},"71":{"start":{"line":201,"column":0},"end":{"line":201,"column":27}},"72":{"start":{"line":203,"column":27},"end":{"line":226,"column":2}},"73":{"start":{"line":228,"column":22},"end":{"line":258,"column":2}},"74":{"start":{"line":260,"column":20},"end":{"line":265,"column":2}}},"fnMap":{"0":{"name":"(anonymous_8)","decl":{"start":{"line":22,"column":17},"end":{"line":22,"column":18}},"loc":{"start":{"line":22,"column":66},"end":{"line":31,"column":1}}},"1":{"name":"(anonymous_9)","decl":{"start":{"line":39,"column":20},"end":{"line":39,"column":21}},"loc":{"start":{"line":43,"column":23},"end":{"line":199,"column":1}}},"2":{"name":"(anonymous_10)","decl":{"start":{"line":58,"column":67},"end":{"line":58,"column":70}},"loc":{"start":{"line":58,"column":72},"end":{"line":63,"column":3}}},"3":{"name":"(anonymous_11)","decl":{"start":{"line":65,"column":25},"end":{"line":65,"column":26}},"loc":{"start":{"line":65,"column":46},"end":{"line":67,"column":3}}},"4":{"name":"(anonymous_12)","decl":{"start":{"line":69,"column":23},"end":{"line":69,"column":24}},"loc":{"start":{"line":69,"column":42},"end":{"line":75,"column":3}}},"5":{"name":"(anonymous_13)","decl":{"start":{"line":71,"column":48},"end":{"line":71,"column":49}},"loc":{"start":{"line":71,"column":55},"end":{"line":71,"column":67}}},"6":{"name":"(anonymous_14)","decl":{"start":{"line":77,"column":23},"end":{"line":77,"column":32}},"loc":{"start":{"line":77,"column":34},"end":{"line":117,"column":4}}},"7":{"name":"(anonymous_15)","decl":{"start":{"line":77,"column":34},"end":{"line":77,"column":null}},"loc":{"start":{"line":77,"column":34},"end":{"line":117,"column":3}}},"8":{"name":"(anonymous_16)","decl":{"start":{"line":119,"column":23},"end":{"line":119,"column":32}},"loc":{"start":{"line":119,"column":34},"end":{"line":133,"column":4}}},"9":{"name":"(anonymous_17)","decl":{"start":{"line":119,"column":34},"end":{"line":119,"column":null}},"loc":{"start":{"line":119,"column":34},"end":{"line":133,"column":3}}},"10":{"name":"(anonymous_18)","decl":{"start":{"line":145,"column":24},"end":{"line":145,"column":25}},"loc":{"start":{"line":146,"column":10},"end":{"line":146,"column":null}}},"11":{"name":"(anonymous_19)","decl":{"start":{"line":150,"column":24},"end":{"line":150,"column":27}},"loc":{"start":{"line":150,"column":30},"end":{"line":150,"column":54}}},"12":{"name":"(anonymous_20)","decl":{"start":{"line":163,"column":31},"end":{"line":163,"column":32}},"loc":{"start":{"line":164,"column":14},"end":{"line":164,"column":null}}},"13":{"name":"(anonymous_21)","decl":{"start":{"line":168,"column":28},"end":{"line":168,"column":31}},"loc":{"start":{"line":168,"column":34},"end":{"line":168,"column":54}}},"14":{"name":"(anonymous_22)","decl":{"start":{"line":181,"column":18},"end":{"line":181,"column":19}},"loc":{"start":{"line":181,"column":25},"end":{"line":181,"column":56}}},"15":{"name":"(anonymous_23)","decl":{"start":{"line":186,"column":42},"end":{"line":186,"column":45}},"loc":{"start":{"line":186,"column":48},"end":{"line":186,"column":67}}}},"branchMap":{"0":{"loc":{"start":{"line":53,"column":4},"end":{"line":53,"column":34}},"type":"binary-expr","locations":[{"start":{"line":53,"column":4},"end":{"line":53,"column":28}},{"start":{"line":53,"column":32},"end":{"line":53,"column":34}}]},"1":{"loc":{"start":{"line":53,"column":4},"end":{"line":53,"column":28}},"type":"cond-expr","locations":[{"start":{"line":53,"column":19},"end":{"line":53,"column":21}},{"start":{"line":53,"column":4},"end":{"line":53,"column":28}}]},"2":{"loc":{"start":{"line":53,"column":4},"end":{"line":53,"column":21}},"type":"binary-expr","locations":[{"start":{"line":53,"column":4},"end":{"line":53,"column":21}},{"start":{"line":53,"column":4},"end":{"line":53,"column":21}}]},"3":{"loc":{"start":{"line":56,"column":4},"end":{"line":56,"column":57}},"type":"cond-expr","locations":[{"start":{"line":56,"column":22},"end":{"line":56,"column":48}},{"start":{"line":56,"column":51},"end":{"line":56,"column":57}}]},"4":{"loc":{"start":{"line":60,"column":4},"end":{"line":60,"column":62}},"type":"if","locations":[{"start":{"line":60,"column":4},"end":{"line":60,"column":62}}]},"5":{"loc":{"start":{"line":60,"column":8},"end":{"line":60,"column":41}},"type":"cond-expr","locations":[{"start":{"line":60,"column":23},"end":{"line":60,"column":25}},{"start":{"line":60,"column":8},"end":{"line":60,"column":41}}]},"6":{"loc":{"start":{"line":60,"column":8},"end":{"line":60,"column":25}},"type":"binary-expr","locations":[{"start":{"line":60,"column":8},"end":{"line":60,"column":25}},{"start":{"line":60,"column":8},"end":{"line":60,"column":25}}]},"7":{"loc":{"start":{"line":61,"column":4},"end":{"line":61,"column":62}},"type":"if","locations":[{"start":{"line":61,"column":4},"end":{"line":61,"column":62}}]},"8":{"loc":{"start":{"line":61,"column":8},"end":{"line":61,"column":40}},"type":"cond-expr","locations":[{"start":{"line":61,"column":23},"end":{"line":61,"column":25}},{"start":{"line":61,"column":8},"end":{"line":61,"column":40}}]},"9":{"loc":{"start":{"line":61,"column":8},"end":{"line":61,"column":25}},"type":"binary-expr","locations":[{"start":{"line":61,"column":8},"end":{"line":61,"column":25}},{"start":{"line":61,"column":8},"end":{"line":61,"column":25}}]},"10":{"loc":{"start":{"line":70,"column":4},"end":{"line":74,"column":5}},"type":"if","locations":[{"start":{"line":70,"column":4},"end":{"line":74,"column":5}},{"start":{"line":72,"column":11},"end":{"line":74,"column":5}}]},"11":{"loc":{"start":{"line":83,"column":4},"end":{"line":83,"column":22}},"type":"if","locations":[{"start":{"line":83,"column":4},"end":{"line":83,"column":22}}]},"12":{"loc":{"start":{"line"
[...]
mn":31},"end":{"line":160,"column":47}},"type":"cond-expr","locations":[{"start":{"line":160,"column":42},"end":{"line":160,"column":43}},{"start":{"line":160,"column":46},"end":{"line":160,"column":47}}]},"16":{"loc":{"start":{"line":165,"column":21},"end":{"line":165,"column":43}},"type":"binary-expr","locations":[{"start":{"line":165,"column":21},"end":{"line":165,"column":30}},{"start":{"line":165,"column":34},"end":{"line":165,"column":43}}]},"17":{"loc":{"start":{"line":177,"column":21},"end":{"line":184,"column":null}},"type":"cond-expr","locations":[{"start":{"line":178,"column":22},"end":{"line":181,"column":null}},{"start":{"line":184,"column":22},"end":{"line":184,"column":85}}]},"18":{"loc":{"start":{"line":184,"column":25},"end":{"line":184,"column":50}},"type":"cond-expr","locations":[{"start":{"line":184,"column":43},"end":{"line":184,"column":47}},{"start":{"line":184,"column":47},"end":{"line":184,"column":50}}]},"19":{"loc":{"start":{"line":184,"column":25},"end":{"line":184,"column":47}},"type":"binary-expr","locations":[{"start":{"line":184,"column":25},"end":{"line":184,"column":47}},{"start":{"line":184,"column":43},"end":{"line":184,"column":47}}]},"20":{"loc":{"start":{"line":184,"column":56},"end":{"line":184,"column":83}},"type":"cond-expr","locations":[{"start":{"line":184,"column":76},"end":{"line":184,"column":80}},{"start":{"line":184,"column":80},"end":{"line":184,"column":83}}]},"21":{"loc":{"start":{"line":184,"column":56},"end":{"line":184,"column":80}},"type":"binary-expr","locations":[{"start":{"line":184,"column":56},"end":{"line":184,"column":80}},{"start":{"line":184,"column":76},"end":{"line":184,"column":80}}]},"22":{"loc":{"start":{"line":187,"column":23},"end":{"line":187,"column":59}},"type":"cond-expr","locations":[{"start":{"line":187,"column":52},"end":{"line":187,"column":56}},{"start":{"line":187,"column":56},"end":{"line":187,"column":59}}]},"23":{"loc":{"start":{"line":187,"column":23},"end":{"line":187,"column":56}},"type":"binary-expr","locations":[{"start":{"line":187,"column":23},"end":{"line":187,"column":56}},{"start":{"line":187,"column":52},"end":{"line":187,"column":56}}]},"24":{"loc":{"start":{"line":188,"column":23},"end":{"line":188,"column":60}},"type":"cond-expr","locations":[{"start":{"line":188,"column":53},"end":{"line":188,"column":57}},{"start":{"line":188,"column":57},"end":{"line":188,"column":60}}]},"25":{"loc":{"start":{"line":188,"column":23},"end":{"line":188,"column":57}},"type":"binary-expr","locations":[{"start":{"line":188,"column":23},"end":{"line":188,"column":57}},{"start":{"line":188,"column":53},"end":{"line":188,"column":57}}]},"26":{"loc":{"start":{"line":189,"column":19},"end":{"line":213,"column":null}},"type":"binary-expr","locations":[{"start":{"line":189,"column":19},"end":{"line":189,"column":28}},{"start":{"line":190,"column":20},"end":{"line":212,"column":null}}]},"27":{"loc":{"start":{"line":191,"column":23},"end":{"line":211,"column":null}},"type":"cond-expr","locations":[{"start":{"line":192,"column":24},"end":{"line":192,"column":76}},{"start":{"line":194,"column":24},"end":{"line":210,"column":null}}]},"28":{"loc":{"start":{"line":194,"column":24},"end":{"line":210,"column":null}},"type":"binary-expr","locations":[{"start":{"line":194,"column":24},"end":{"line":194,"column":56}},{"start":{"line":195,"column":24},"end":{"line":195,"column":52}},{"start":{"line":196,"column":26},"end":{"line":209,"column":null}}]},"29":{"loc":{"start":{"line":201,"column":34},"end":{"line":201,"column":70}},"type":"cond-expr","locations":[{"start":{"line":201,"column":64},"end":{"line":201,"column":68}},{"start":{"line":201,"column":68},"end":{"line":201,"column":70}}]},"30":{"loc":{"start":{"line":201,"column":34},"end":{"line":201,"column":68}},"type":"binary-expr","locations":[{"start":{"line":201,"column":34},"end":{"line":201,"column":68}},{"start":{"line":201,"column":64},"end":{"line":201,"column":68}}]},"31":{"loc":{"start":{"line":201,"column":34},"end":{"line":201,"column":64}},"type":"cond-expr","locations":[{"start":{"line":201,"column":52},"end":{"line":201,"column":54}},{"start":{"line":201,"column":52},"end":{"line":201,"column":64}}]},"32":{"loc":{"start":{"line":201,"column":34},"end":{"line":201,"column":54}},"type":"binary-expr","locations":[{"start":{"line":201,"column":34},"end":{"line":201,"column":54}},{"start":{"line":201,"column":52},"end":{"line":201,"column":54}}]},"33":{"loc":{"start":{"line":220,"column":11},"end":{"line":245,"column":null}},"type":"binary-expr","locations":[{"start":{"line":220,"column":11},"end":{"line":220,"column":20}},{"start":{"line":220,"column":24},"end":{"line":220,"column":36}},{"start":{"line":221,"column":12},"end":{"line":244,"column":null}}]}},"s":{"0":2,"1":2,"2":2,"3":2,"4":2,"5":2,"6":12,"7":12,"8":12,"9":12,"10":12,"11":12,"12":12,"13":10,"14":7,"15":3,"16":3,"17":3,"18":3,"19":3,"20":0,"21":0,"22":3,"23":3,"24":0,"25":3,"26":3,"27":12,"28":0,"29":0,"30":0,"31":0,"32":0,"33":0,"34":0,"35":0,"36":0,"37":0,"38":0,"39":0,"40":0,"41":0,"42":0,"43":0,"44":12,"45":0,"46":0,"47":0,"48":0,"49":0,"50":0,"51":0,"52":0,"53":0,"54":0,"55":12,"56":0,"57":0,"58":0,"59":0,"60":0,"61":0,"62":0,"63":0,"64":0,"65":0,"66":0,"67":12,"68":6,"69":12,"70":12,"71":4,"72":0,"73":4,"74":4,"75":4,"76":0,"77":0,"78":0,"79":0,"80":0,"81":0,"82":2,"83":2,"84":2},"f":{"0":12,"1":10,"2":3,"3":3,"4":0,"5":0,"6":0,"7":0,"8":0,"9":0,"10":6,"11":4,"12":0,"13":0,"14":0,"15":0,"16":0},"b":{"0":[7],"1":[0,3],"2":[0],"3":[0,0],"4":[0],"5":[0],"6":[0],"7":[2,10],"8":[12,12],"9":[6,6],"10":[12,6],"11":[10,2],"12":[6,4],"13":[0],"14":[4,4],"15":[0,0],"16":[0,0],"17":[0,4],"18":[4,0],"19":[4,4],"20":[4,0],"21":[4,4],"22":[4,0],"23":[4,4],"24":[4,0],"25":[4,4],"26":[4,4],"27":[0,4],"28":[4,4,2],"29":[0,0],"30":[0,0],"31":[0,0],"32":[0,0],"33":[12,6,0]}}
,"C:\\Projects\\Software Design\\student-management-system\\src\\components\\studentlobby\\SpecialNoteList.tsx": {"path":"C:\\Projects\\Software Design\\student-management-system\\src\\components\\studentlobby\\SpecialNoteList.tsx","statementMap":{"0":{"start":{"line":1,"column":0},"end":{"line":1,"column":39}},"1":{"start":{"line":2,"column":0},"end":{"line":2,"column":44}},"2":{"start":{"line":3,"column":0},"end":{"line":3,"column":59}},"3":{"start":{"line":5,"column":0},"end":{"line":5,"column":51}},"4":{"start":{"line":13,"column":24},"end":{"line":93,"column":1}},"5":{"start":{"line":18,"column":28},"end":{"line":18,"column":53}},"6":{"start":{"line":19,"column":32},"end":{"line":19,"column":46}},"7":{"start":{"line":20,"column":25},"end":{"line":20,"column":42}},"8":{"start":{"line":21,"column":13},"end":{"line":21,"column":35}},"9":{"start":{"line":23,"column":2},"end":{"line":39,"column":11}},"10":{"start":{"line":24,"column":29},"end":{"line":36,"column":6}},"11":{"start":{"line":24,"column":40},"end":{"line":36,"column":6}},"12":{"start":{"line":25,"column":6},"end":{"line":35,"column":7}},"13":{"start":{"line":26,"column":21},"end":{"line":26,"column":56}},"14":{"start":{"line":27,"column":23},"end":{"line":28,"column":null}},"15":{"start":{"line":28,"column":20},"end":{"line":28,"column":75}},"16":{"start":{"line":30,"column":8},"end":{"line":30,"column":57}},"17":{"start":{"line":32,"column":8},"end":{"line":32,"column":44}},"18":{"start":{"line":34,"column":8},"end":{"line":34,"column":26}},"19":{"start":{"line":38,"column":4},"end":{"line":38,"column":23}},"20":{"start":{"line":41,"column":21},"end":{"line":46,"column":3}},"21":{"start":{"line":42,"column":17},"end":{"line":42,"column":34}},"22":{"start":{"line":43,"column":18},"end":{"line":43,"column":67}},"23":{"start":{"line":44,"column":16},"end":{"line":44,"column":58}},"24":{"start":{"line":45,"column":4},"end":{"line":45,"column":29}},"25":{"start":{"line":48,"column":2},"end":{"line":92,"column":4}},"26":{"start":{"line":73,"column":14},"end":{"line":74,"column":null}},"27":{"start":{"line":76,"column":18},"end":{"line":79,"column":19}},"28":{"start":{"line":77,"column":20},"end":{"line":77,"column":38}},"29":{"start":{"line":78,"column":20},"end":{"line":78,"column":39}},"30":{"start":{"line":95,"column":0},"end":{"line":95,"column":31}},"31":{"start":{"line":97,"column":31},"end":{"line":136,"column":2}}},"fnMap":{"0":{"name":"(anonymous_8)","decl":{"start":{"line":13,"column":24},"end":{"line":13,"column":25}},"loc":{"start":{"line":17,"column":27},"end":{"line":93,"column":1}}},"1":{"name":"(anonymous_9)","decl":{"start":{"line":23,"column":12},"end":{"line":23,"column":15}},"loc":{"start":{"line":23,"column":17},"end":{"line":39,"column":3}}},"2":{"name":"(anonymous_10)","decl":{"start":{"line":24,"column":29},"end":{"line":24,"column":38}},"loc":{"start":{"line":24,"column":40},"end":{"line":36,"column":6}}},"3":{"name":"(anonymous_11)","decl":{"start":{"line":24,"column":40},"end":{"line":24,"column":null}},"loc":{"start":{"line":24,"column":40},"end":{"line":36,"column":5}}},"4":{"name":"(anonymous_12)","decl":{"start":{"line":28,"column":10},"end":{"line":28,"column":11}},"loc":{"start":{"line":28,"column":20},"end":{"line":28,"column":75}}},"5":{"name":"(anonymous_13)","decl":{"start":{"line":41,"column":21},"end":{"line":41,"column":22}},"loc":{"start":{"line":41,"column":41},"end":{"line":46,"column":3}}},"6":{"name":"(anonymous_14)","decl":{"start":{"line":72,"column":22},"end":{"line":72,"column":23}},"loc":{"start":{"line":73,"column":14},"end":{"line":74,"column":null}}},"7":{"name":"(anonymous_15)","decl":{"start":{"line":75,"column":25},"end":{"line":75,"column":28}},"loc":{"start":{"line":75,"column":30},"end":{"line":80,"column":17}}}},"branchMap":{"0":{"loc":{"start":{"line":30,"column":17},"end":{"line":30,"column":55}},"type":"cond-expr","locations":[{"start":{"line":30,"column":28},"end":{"line":30,"column":46}},{"start":{"line":30,"column":49},"end":{"line":30,"column":55}}]},"1":{"loc":{"start":{"line":59,"column":11},"end":{"line":87,"column":null}},"type":"cond-expr","locations":[{"start":{"line":60,"column":12},"end":{"line":63,"column":null}},{"start":{"line":65,"column":14},"end":{"line":87,"column":null}}]},"2":{"loc":{"start":{"line":65,"column":14},"end":{"line":87,"column":null}},"type":"cond-expr","locations":[{"start":{"line":66,"column":12},"end":{"line":69,"column":null}},{"start":{"line":72,"column":12},"end":{"line":87,"column":14}}]},"3":{"loc":{"start":{"line":76,"column":18},"end":{"line":79,"column":19}},"type":"if","locations":[{"start":{"line":76,"column":18},"end":{"line":79,"column":19}}]},"4":{"loc":{"start":{"line":76,"column":22},"end":{"line":76,"column":49}},"type":"binary-expr","locations":[{"start":{"line":76,"column":22},"end":{"line":76,"column":33}},{"start":{"line":76,"column":37},"end":{"line":76,"column":49}}]}},"s":{"0":1,"1":1,"2":1,"3":1,"4":1,"5":3,"6":3,"7":3,"8":3,"9":3,"10":3,"11":3,"12":3,"13":3,"14":0,"15":0,"16":0,"17":3,"18":3,"19":3,"20":3,"21":0,"22":0,"23":0,"24":0,"25":3,"26":0,"27":0,"28":0,"29":0,"30":1,"31":1},"f":{"0":3,"1":3,"2":3,"3":3,"4":0,"5":0,"6":0,"7":0},"b":{"0":[0,0],"1":[3,0],"2":[0,0],"3":[0],"4":[0,0]}}
,"C:\\Projects\\Software Design\\student-management-system\\src\\resources\\styles\\InputBoxWrapper.tsx": {"path":"C:\\Projects\\Software Design\\student-management-system\\src\\resources\\styles\\InputBoxWrapper.tsx","statementMap":{"0":{"start":{"line":1,"column":0},"end":{"line":1,"column":39}},"1":{"start":{"line":3,"column":24},"end":{"line":37,"column":2}},"2":{"start":{"line":39,"column":0},"end":{"line":39,"column":31}}},"fnMap":{},"branchMap":{},"s":{"0":2,"1":2,"2":2},"f":{},"b":{}}
,"C:\\Projects\\Software Design\\student-management-system\\src\\stores\\LoadingProvider.tsx": {"path":"C:\\Projects\\Software Design\\student-management-system\\src\\stores\\LoadingProvider.tsx","statementMap":{"0":{"start":{"line":1,"column":0},"end":{"line":1,"column":null}},"1":{"start":{"line":16,"column":23},"end":{"line":16,"column":79}},"2":{"start":{"line":18,"column":31},"end":{"line":65,"column":1}},"3":{"start":{"line":19,"column":36},"end":{"line":19,"column":51}},"4":{"start":{"line":20,"column":21},"end":{"line":20,"column":71}},"5":{"start":{"line":21,"column":27},"end":{"line":21,"column":49}},"6":{"start":{"line":23,"column":22},"end":{"line":38,"column":3}},"7":{"start":{"line":24,"column":4},"end":{"line":24,"column":23}},"8":{"start":{"line":25,"column":4},"end":{"line":25,"column":37}},"9":{"start":{"line":27,"column":4},"end":{"line":29,"column":5}},"10":{"start":{"line":28,"column":6},"end":{"line":28,"column":39}},"11":{"start":{"line":31,"column":4},"end":{"line":37,"column":18}},"12":{"start":{"line":32,"column":6},"end":{"line":32,"column":38}},"13":{"start":{"line":33,"column":6},"end":{"line":33,"column":20}},"14":{"start":{"line":36,"column":6},"end":{"line":36,"column":30}},"15":{"start":{"line":40,"column":22},"end":{"line":50,"column":3}},"16":{"start":{"line":41,"column":4},"end":{"line":41,"column":24}},"17":{"start":{"line":43,"column":4},"end":{"line":46,"column":5}},"18":{"start":{"line":44,"column":6},"end":{"line":44,"column":39}},"19":{"start":{"line":45,"column":6},"end":{"line":45,"column":32}},"20":{"start":{"line":49,"column":4},"end":{"line":49,"column":37}},"21":{"start":{"line":52,"column":2},"end":{"line":58,"column":9}},"22":{"start":{"line":53,"column":4},"end":{"line":57,"column":6}},"23":{"start":{"line":54,"column":6},"end":{"line":56,"column":7}},"24":{"start":{"line":55,"column":8},"end":{"line":55,"column":41}},"25":{"start":{"line":60,"column":2},"end":{"line":64,"column":4}},"26":{"start":{"line":18,"column":13},"end":{"line":18,"column":31}},"27":{"start":{"line":67,"column":26},"end":{"line":73,"column":1}},"28":{"start":{"line":68,"column":18},"end":{"line":68,"column":44}},"29":{"start":{"line":69,"column":2},"end":{"line":71,"column":3}},"30":{"start":{"line":70,"column":4},"end":{"line":70,"column":72}},"31":{"start":{"line":72,"column":2},"end":{"line":72,"column":17}},"32":{"start":{"line":67,"column":13},"end":{"line":67,"column":26}}},"fnMap":{"0":{"name":"(anonymous_0)","decl":{"start":{"line":18,"column":31},"end":{"line":18,"column":32}},"loc":{"start":{"line":18,"column":73},"end":{"line":65,"column":1}}},"1":{"name":"(anonymous_1)","decl":{"start":{"line":23,"column":22},"end":{"line":23,"column":23}},"loc":{"start":{"line":23,"column":52},"end":{"line":38,"column":3}}},"2":{"name":"(anonymous_2)","decl":{"start":{"line":31,"column":36},"end":{"line":31,"column":39}},"loc":{"start":{"line":31,"column":41},"end":{"line":37,"column":5}}},"3":{"name":"(anonymous_3)","decl":{"start":{"line":40,"column":22},"end":{"line":40,"column":25}},"loc":{"start":{"line":40,"column":27},"end":{"line":50,"column":3}}},"4":{"name":"(anonymous_4)","decl":{"start":{"line":52,"column":12},"end":{"line":52,"column":15}},"loc":{"start":{"line":52,"column":17},"end":{"line":58,"column":3}}},"5":{"name":"(anonymous_5)","decl":{"start":{"line":53,"column":11},"end":{"line":53,"column":14}},"loc":{"start":{"line":53,"column":16},"end":{"line":57,"column":5}}},"6":{"name":"(anonymous_6)","decl":{"start":{"line":67,"column":26},"end":{"line":67,"column":49}},"loc":{"start":{"line":67,"column":51},"end":{"line":73,"column":1}}}},"branchMap":{"0":{"loc":{"start":{"line":23,"column":23},"end":{"line":23,"column":48}},"type":"default-arg","locations":[{"start":{"line":23,"column":43},"end":{"line":23,"column":48}}]},"1":{"loc":{"start":{"line":27,"column":4},"end":{"line":29,"column":5}},"type":"if","locations":[{"start":{"line":27,"column":4},"end":{"line":29,"column":5}}]},"2":{"loc":{"start":{"line":43,"column":4},"end":{"line":46,"column":5}},"type":"if","locations":[{"start":{"line":43,"column":4},"end":{"line":46,"column":5}}]},"3":{"loc":{"start":{"line":54,"column":6},"end":{"line":56,"column":7}},"type":"if","locations":[{"start":{"line":54,"column":6},"end":{"line":56,"column":7}}]},"4":{"loc":{"start":{"line":69,"column":2},"end":{"line":71,"column":3}},"type":"if","locations":[{"start":{"line":69,"column":2},"end":{"line":71,"column":3}}]}},"s":{"0":2,"1":2,"2":2,"3":10,"4":10,"5":10,"6":10,"7":2,"8":2,"9":2,"10":0,"11":2,"12":0,"13":0,"14":0,"15":10,"16":2,"17":2,"18":2,"19":2,"20":2,"21":10,"22":6,"23":6,"24":0,"25":10,"26":2,"27":2,"28":29,"29":29,"30":0,"31":29,"32":2},"f":{"0":10,"1":2,"2":0,"3":2,"4":6,"5":6,"6":29},"b":{"0":[2],"1":[0],"2":[2],"3":[0],"4":[0]}}
,"C:\\Projects\\Software Design\\student-management-system\\src\\stores\\useUserStore.ts": {"path":"C:\\Projects\\Software Design\\student-management-system\\src\\stores\\useUserStore.ts","statementMap":{"0":{"start":{"line":2,"column":0},"end":{"line":2,"column":33}},"1":{"start":{"line":13,"column":21},"end":{"line":56,"column":3}},"2":{"start":{"line":13,"column":49},"end":{"line":56,"column":2}},"3":{"start":{"line":51,"column":4},"end":{"line":51,"column":31}},"4":{"start":{"line":51,"column":15},"end":{"line":51,"column":28}},"5":{"start":{"line":52,"column":4},"end":{"line":52,"column":65}},"6":{"start":{"line":54,"column":29},"end":{"line":54,"column":54}},"7":{"start":{"line":54,"column":40},"end":{"line":54,"column":52}},"8":{"start":{"line":55,"column":41},"end":{"line":55,"column":72}},"9":{"start":{"line":55,"column":52},"end":{"line":55,"column":70}},"10":{"start":{"line":58,"column":0},"end":{"line":58,"column":28}}},"fnMap":{"0":{"name":"(anonymous_0)","decl":{"start":{"line":13,"column":39},"end":{"line":13,"column":40}},"loc":{"start":{"line":13,"column":49},"end":{"line":56,"column":2}}},"1":{"name":"(anonymous_1)","decl":{"start":{"line":50,"column":16},"end":{"line":50,"column":17}},"loc":{"start":{"line":50,"column":30},"end":{"line":53,"column":3}}},"2":{"name":"(anonymous_2)","decl":{"start":{"line":51,"column":8},"end":{"line":51,"column":11}},"loc":{"start":{"line":51,"column":15},"end":{"line":51,"column":28}}},"3":{"name":"(anonymous_3)","decl":{"start":{"line":54,"column":15},"end":{"line":54,"column":16}},"loc":{"start":{"line":54,"column":29},"end":{"line":54,"column":54}}},"4":{"name":"(anonymous_4)","decl":{"start":{"line":54,"column":33},"end":{"line":54,"column":36}},"loc":{"start":{"line":54,"column":40},"end":{"line":54,"column":52}}},"5":{"name":"(anonymous_5)","decl":{"start":{"line":55,"column":21},"end":{"line":55,"column":22}},"loc":{"start":{"line":55,"column":41},"end":{"line":55,"column":72}}},"6":{"name":"(anonymous_6)","decl":{"start":{"line":55,"column":45},"end":{"line":55,"column":48}},"loc":{"start":{"line":55,"column":52},"end":{"line":55,"column":70}}}},"branchMap":{},"s":{"0":14,"1":14,"2":14,"3":5,"4":5,"5":5,"6":0,"7":0,"8":0,"9":0,"10":14},"f":{"0":14,"1":5,"2":5,"3":0,"4":0,"5":0,"6":0},"b":{}}
,"C:\\Projects\\Software Design\\student-management-system\\src\\utils\\getCurrentSemester.ts": {"path":"C:\\Projects\\Software Design\\student-management-system\\src\\utils\\getCurrentSemester.ts","statementMap":{"0":{"start":{"line":2,"column":27},"end":{"line":6,"column":1}},"1":{"start":{"line":3,"column":14},"end":{"line":3,"column":24}},"2":{"start":{"line":4,"column":16},"end":{"line":4,"column":34}},"3":{"start":{"line":5,"column":2},"end":{"line":5,"column":42}},"4":{"start":{"line":8,"column":0},"end":{"line":8,"column":34}}},"fnMap":{"0":{"name":"(anonymous_0)","decl":{"start":{"line":2,"column":27},"end":{"line":2,"column":30}},"loc":{"start":{"line":2,"column":32},"end":{"line":6,"column":1}}}},"branchMap":{"0":{"loc":{"start":{"line":5,"column":9},"end":{"line":5,"column":41}},"type":"cond-expr","locations":[{"start":{"line":5,"column":36},"end":{"line":5,"column":37}},{"start":{"line":5,"column":40},"end":{"line":5,"column":41}}]},"1":{"loc":{"start":{"line":5,"column":9},"end":{"line":5,"column":33}},"type":"binary-expr","locations":[{"start":{"line":5,"column":9},"end":{"line":5,"column":19}},{"start":{"line":5,"column":23},"end":{"line":5,"column":33}}]}},"s":{"0":1,"1":3,"2":3,"3":3,"4":1},"f":{"0":3},"b":{"0":[3,0],"1":[3,3]}}
}
