TN:
SF:src\apis\attendance.ts
FN:11,(anonymous_8)
FN:13,(anonymous_9)
FN:22,(anonymous_10)
FN:22,(anonymous_11)
FN:30,(anonymous_12)
FN:34,(anonymous_13)
FN:51,(anonymous_14)
FN:56,(anonymous_15)
FN:78,(anonymous_16)
FN:81,(anonymous_17)
FN:90,(anonymous_18)
FN:93,(anonymous_19)
FN:103,(anonymous_20)
FN:103,(anonymous_21)
FNF:14
FNH:14
FNDA:1,(anonymous_8)
FNDA:1,(anonymous_9)
FNDA:1,(anonymous_10)
FNDA:1,(anonymous_11)
FNDA:1,(anonymous_12)
FNDA:1,(anonymous_13)
FNDA:1,(anonymous_14)
FNDA:1,(anonymous_15)
FNDA:1,(anonymous_16)
FNDA:1,(anonymous_17)
FNDA:1,(anonymous_18)
FNDA:1,(anonymous_19)
FNDA:1,(anonymous_20)
FNDA:1,(anonymous_21)
DA:1,1
DA:11,1
DA:13,1
DA:14,1
DA:17,1
DA:18,1
DA:22,1
DA:23,1
DA:26,1
DA:30,1
DA:34,1
DA:35,1
DA:47,1
DA:51,1
DA:56,1
DA:57,1
DA:59,1
DA:72,1
DA:74,1
DA:78,1
DA:81,1
DA:82,1
DA:86,1
DA:90,1
DA:93,1
DA:94,1
DA:95,1
DA:99,1
DA:103,1
DA:104,1
LF:30
LH:30
BRDA:65,0,0,0
BRDA:65,0,1,1
BRF:2
BRH:1
end_of_record
TN:
SF:src\apis\axiosInstance.ts
FN:8,(anonymous_1)
FNF:1
FNH:0
FNDA:0,(anonymous_1)
DA:1,16
DA:3,16
DA:8,16
DA:10,0
DA:11,0
DA:13,0
DA:16,16
LF:7
LH:4
BRDA:10,0,0,0
BRDA:10,1,0,0
BRDA:10,1,1,0
BRF:3
BRH:0
end_of_record
TN:
SF:src\apis\consult.ts
FN:6,(anonymous_8)
FN:6,(anonymous_9)
FN:16,(anonymous_10)
FN:25,(anonymous_11)
FN:40,(anonymous_12)
FN:49,(anonymous_13)
FN:64,(anonymous_14)
FN:64,(anonymous_15)
FN:75,(anonymous_16)
FN:79,(anonymous_17)
FN:96,(anonymous_18)
FN:101,(anonymous_19)
FNF:12
FNH:12
FNDA:1,(anonymous_8)
FNDA:1,(anonymous_9)
FNDA:1,(anonymous_10)
FNDA:1,(anonymous_11)
FNDA:1,(anonymous_12)
FNDA:1,(anonymous_13)
FNDA:1,(anonymous_14)
FNDA:1,(anonymous_15)
FNDA:1,(anonymous_16)
FNDA:1,(anonymous_17)
FNDA:1,(anonymous_18)
FNDA:1,(anonymous_19)
DA:1,1
DA:6,1
DA:7,1
DA:10,1
DA:11,1
DA:12,1
DA:16,1
DA:25,1
DA:26,1
DA:27,1
DA:31,1
DA:32,1
DA:34,0
DA:35,0
DA:40,1
DA:49,1
DA:50,1
DA:51,1
DA:55,1
DA:56,1
DA:58,0
DA:59,0
DA:64,1
DA:65,1
DA:66,1
DA:67,1
DA:69,0
DA:70,0
DA:75,1
DA:79,1
DA:80,1
DA:81,1
DA:87,1
DA:88,1
DA:90,0
DA:91,0
DA:96,1
DA:101,1
DA:102,1
DA:103,1
DA:107,1
DA:108,1
DA:110,0
DA:111,0
LF:44
LH:34
BRF:0
BRH:0
end_of_record
TN:
SF:src\apis\feedback.ts
FN:6,(anonymous_8)
FN:6,(anonymous_9)
FN:16,(anonymous_10)
FN:16,(anonymous_11)
FN:25,(anonymous_12)
FN:28,(anonymous_13)
FN:40,(anonymous_14)
FN:44,(anonymous_15)
FN:57,(anonymous_16)
FN:68,(anonymous_17)
FN:83,(anonymous_18)
FN:94,(anonymous_19)
FN:105,(anonymous_20)
FN:105,(anonymous_21)
FNF:14
FNH:14
FNDA:3,(anonymous_8)
FNDA:3,(anonymous_9)
FNDA:1,(anonymous_10)
FNDA:1,(anonymous_11)
FNDA:1,(anonymous_12)
FNDA:1,(anonymous_13)
FNDA:1,(anonymous_14)
FNDA:1,(anonymous_15)
FNDA:1,(anonymous_16)
FNDA:1,(anonymous_17)
FNDA:1,(anonymous_18)
FNDA:1,(anonymous_19)
FNDA:1,(anonymous_20)
FNDA:1,(anonymous_21)
DA:1,3
DA:6,3
DA:7,3
DA:8,3
DA:11,1
DA:12,1
DA:16,3
DA:17,1
DA:20,1
DA:21,1
DA:25,3
DA:28,1
DA:29,1
DA:35,1
DA:36,1
DA:40,3
DA:44,1
DA:45,1
DA:51,1
DA:52,1
DA:57,3
DA:68,1
DA:69,1
DA:70,1
DA:74,1
DA:75,1
DA:77,0
DA:78,0
DA:83,3
DA:94,1
DA:95,1
DA:96,1
DA:97,1
DA:99,0
DA:100,0
DA:105,3
DA:106,1
DA:107,1
DA:108,1
DA:110,0
DA:111,0
LF:41
LH:35
BRF:0
BRH:0
end_of_record
TN:
SF:src\apis\grade.ts
FN:6,(anonymous_8)
FN:6,(anonymous_9)
FN:13,(anonymous_10)
FN:15,(anonymous_11)
FN:23,(anonymous_12)
FN:29,(anonymous_13)
FN:38,(anonymous_14)
FN:45,(anonymous_15)
FN:56,(anonymous_16)
FN:59,(anonymous_17)
FN:69,(anonymous_18)
FN:69,(anonymous_19)
FN:75,(anonymous_20)
FN:79,(anonymous_21)
FN:89,(anonymous_22)
FN:92,(anonymous_23)
FNF:16
FNH:10
FNDA:1,(anonymous_8)
FNDA:1,(anonymous_9)
FNDA:1,(anonymous_10)
FNDA:1,(anonymous_11)
FNDA:0,(anonymous_12)
FNDA:0,(anonymous_13)
FNDA:1,(anonymous_14)
FNDA:1,(anonymous_15)
FNDA:1,(anonymous_16)
FNDA:1,(anonymous_17)
FNDA:0,(anonymous_18)
FNDA:0,(anonymous_19)
FNDA:2,(anonymous_20)
FNDA:2,(anonymous_21)
FNDA:0,(anonymous_22)
FNDA:0,(anonymous_23)
DA:1,3
DA:6,3
DA:8,1
DA:9,1
DA:13,3
DA:15,1
DA:16,1
DA:19,1
DA:23,3
DA:29,0
DA:30,0
DA:34,0
DA:38,3
DA:45,1
DA:46,1
DA:47,1
DA:51,1
DA:52,1
DA:56,3
DA:59,1
DA:60,1
DA:64,1
DA:65,1
DA:69,3
DA:70,0
DA:71,0
DA:75,3
DA:79,2
DA:80,2
DA:84,1
DA:85,1
DA:89,3
DA:92,0
DA:93,0
DA:97,0
LF:35
LH:27
BRF:0
BRH:0
end_of_record
TN:
SF:src\apis\header.ts
FN:6,(anonymous_8)
FN:6,(anonymous_9)
FN:14,(anonymous_10)
FN:16,(anonymous_11)
FNF:4
FNH:4
FNDA:1,(anonymous_8)
FNDA:1,(anonymous_9)
FNDA:1,(anonymous_10)
FNDA:1,(anonymous_11)
DA:1,2
DA:6,2
DA:7,1
DA:10,1
DA:14,2
DA:16,1
DA:17,1
DA:18,1
DA:24,1
LF:9
LH:9
BRF:0
BRH:0
end_of_record
TN:
SF:src\apis\members.ts
FN:9,(anonymous_8)
FN:9,(anonymous_9)
FN:16,(anonymous_10)
FN:18,(anonymous_11)
FN:27,(anonymous_12)
FN:36,(anonymous_13)
FN:73,(anonymous_14)
FN:73,(anonymous_15)
FN:101,(anonymous_16)
FN:101,(anonymous_17)
FN:109,(anonymous_18)
FN:109,(anonymous_19)
FN:118,(anonymous_20)
FN:120,(anonymous_21)
FN:136,(anonymous_22)
FN:138,(anonymous_23)
FN:147,(anonymous_24)
FN:149,(anonymous_25)
FN:157,(anonymous_26)
FN:161,(anonymous_27)
FN:198,(anonymous_28)
FN:201,(anonymous_29)
FNF:22
FNH:18
FNDA:1,(anonymous_8)
FNDA:1,(anonymous_9)
FNDA:1,(anonymous_10)
FNDA:1,(anonymous_11)
FNDA:1,(anonymous_12)
FNDA:1,(anonymous_13)
FNDA:0,(anonymous_14)
FNDA:0,(anonymous_15)
FNDA:1,(anonymous_16)
FNDA:1,(anonymous_17)
FNDA:1,(anonymous_18)
FNDA:1,(anonymous_19)
FNDA:1,(anonymous_20)
FNDA:1,(anonymous_21)
FNDA:1,(anonymous_22)
FNDA:1,(anonymous_23)
FNDA:1,(anonymous_24)
FNDA:1,(anonymous_25)
FNDA:1,(anonymous_26)
FNDA:1,(anonymous_27)
FNDA:0,(anonymous_28)
FNDA:0,(anonymous_29)
DA:1,17
DA:2,17
DA:3,17
DA:6,17
DA:9,17
DA:11,1
DA:12,1
DA:16,17
DA:18,1
DA:19,1
DA:22,1
DA:23,1
DA:27,17
DA:36,1
DA:37,1
DA:38,1
DA:48,1
DA:59,1
DA:60,1
DA:62,1
DA:64,0
DA:67,0
DA:68,0
DA:73,17
DA:74,0
DA:75,0
DA:80,0
DA:81,0
DA:82,0
DA:83,0
DA:88,0
DA:93,0
DA:96,0
DA:97,0
DA:101,17
DA:102,1
DA:105,1
DA:109,17
DA:110,1
DA:113,1
DA:114,1
DA:118,17
DA:120,1
DA:121,1
DA:124,1
DA:125,1
DA:136,17
DA:138,1
DA:139,1
DA:143,1
DA:147,17
DA:149,1
DA:150,1
DA:153,1
DA:157,17
DA:161,1
DA:162,1
DA:163,1
DA:166,1
DA:167,1
DA:169,1
DA:170,1
DA:172,1
DA:174,1
DA:178,1
DA:179,1
DA:181,0
DA:182,0
DA:198,17
DA:201,0
DA:202,0
DA:203,0
DA:204,0
DA:209,0
DA:210,0
DA:213,0
DA:223,0
DA:225,0
DA:226,0
LF:79
LH:54
BRDA:60,0,0,1
BRDA:60,0,1,0
BRDA:64,1,0,0
BRDA:64,1,1,0
BRDA:81,2,0,0
BRDA:81,2,1,0
BRDA:93,3,0,0
BRDA:93,3,1,0
BRDA:166,4,0,1
BRDA:169,5,0,1
BRDA:209,6,0,0
BRF:11
BRH:3
end_of_record
TN:
SF:src\apis\refreshInstance.ts
FN:10,(anonymous_1)
FN:18,(anonymous_2)
FN:24,(anonymous_3)
FNF:3
FNH:2
FNDA:2,(anonymous_1)
FNDA:0,(anonymous_2)
FNDA:2,(anonymous_3)
DA:1,17
DA:2,17
DA:4,17
DA:9,17
DA:11,2
DA:12,2
DA:13,2
DA:14,2
DA:16,2
DA:19,0
DA:24,17
DA:26,2
DA:27,2
DA:29,2
DA:32,17
LF:15
LH:14
BRDA:13,0,0,2
BRDA:26,1,0,2
BRDA:26,2,0,2
BRDA:26,2,1,2
BRF:4
BRH:4
end_of_record
TN:
SF:src\apis\reportcreate.ts
FN:3,(anonymous_8)
FN:13,(anonymous_9)
FNF:2
FNH:2
FNDA:2,(anonymous_8)
FNDA:2,(anonymous_9)
DA:1,1
DA:3,1
DA:13,2
DA:14,2
DA:15,2
DA:19,1
DA:20,1
DA:22,1
DA:23,1
LF:9
LH:9
BRF:0
BRH:0
end_of_record
TN:
SF:src\apis\specialnote.ts
FN:10,(anonymous_8)
FN:12,(anonymous_9)
FN:21,(anonymous_10)
FN:23,(anonymous_11)
FN:32,(anonymous_12)
FN:35,(anonymous_13)
FN:50,(anonymous_14)
FN:53,(anonymous_15)
FN:68,(anonymous_16)
FN:68,(anonymous_17)
FNF:10
FNH:10
FNDA:4,(anonymous_8)
FNDA:4,(anonymous_9)
FNDA:1,(anonymous_10)
FNDA:1,(anonymous_11)
FNDA:1,(anonymous_12)
FNDA:1,(anonymous_13)
FNDA:1,(anonymous_14)
FNDA:1,(anonymous_15)
FNDA:1,(anonymous_16)
FNDA:1,(anonymous_17)
DA:1,2
DA:10,2
DA:12,4
DA:13,4
DA:16,1
DA:17,1
DA:21,2
DA:23,1
DA:24,1
DA:27,1
DA:28,1
DA:32,2
DA:35,1
DA:36,1
DA:37,1
DA:41,1
DA:42,1
DA:44,0
DA:45,0
DA:50,2
DA:53,1
DA:54,1
DA:55,1
DA:59,1
DA:60,1
DA:62,0
DA:63,0
DA:68,2
DA:69,1
DA:70,1
DA:71,1
DA:73,0
DA:74,0
LF:33
LH:27
BRF:0
BRH:0
end_of_record
TN:
SF:src\apis\tokenInstance.ts
FN:11,(anonymous_8)
FN:19,(anonymous_9)
FN:26,(anonymous_10)
FN:32,(anonymous_11)
FN:32,(anonymous_12)
FNF:5
FNH:4
FNDA:10,(anonymous_8)
FNDA:0,(anonymous_9)
FNDA:2,(anonymous_10)
FNDA:7,(anonymous_11)
FNDA:7,(anonymous_12)
DA:1,17
DA:2,17
DA:3,17
DA:5,17
DA:10,17
DA:12,10
DA:13,5
DA:14,4
DA:15,4
DA:17,5
DA:19,0
DA:23,17
DA:25,17
DA:27,2
DA:28,0
DA:30,2
DA:32,7
DA:33,7
DA:35,7
DA:36,2
DA:38,2
DA:39,2
DA:40,1
DA:41,1
DA:42,1
DA:44,1
DA:46,1
DA:47,1
DA:49,1
DA:50,1
DA:53,1
DA:54,1
DA:58,1
DA:60,1
DA:64,5
DA:68,17
LF:36
LH:34
BRDA:13,0,0,4
BRDA:27,1,0,0
BRDA:27,2,0,0
BRDA:27,2,1,2
BRDA:27,3,0,2
BRDA:27,3,1,2
BRDA:35,4,0,2
BRDA:35,5,0,7
BRDA:35,5,1,2
BRDA:35,6,0,5
BRDA:35,6,1,2
BRDA:35,7,0,7
BRDA:35,7,1,7
BRDA:46,8,0,1
BRF:14
BRH:12
end_of_record
TN:
SF:src\components\Modal\FollowModal.tsx
FN:7,(anonymous_8)
FN:28,(anonymous_9)
FN:36,(anonymous_10)
FN:36,(anonymous_11)
FN:49,(anonymous_12)
FNF:5
FNH:0
FNDA:0,(anonymous_8)
FNDA:0,(anonymous_9)
FNDA:0,(anonymous_10)
FNDA:0,(anonymous_11)
FNDA:0,(anonymous_12)
DA:1,1
DA:2,1
DA:3,1
DA:4,1
DA:5,1
DA:7,1
DA:16,0
DA:26,1
DA:28,1
DA:36,0
DA:37,0
DA:38,0
DA:39,0
DA:41,0
DA:44,0
DA:56,1
DA:73,1
LF:17
LH:10
BRF:0
BRH:0
end_of_record
TN:
SF:src\components\Modal\Modal.tsx
FN:8,(anonymous_1)
FN:11,(anonymous_2)
FN:14,(anonymous_3)
FN:17,(anonymous_4)
FN:25,(anonymous_5)
FN:52,(anonymous_6)
FN:69,(anonymous_7)
FN:72,(anonymous_8)
FNF:8
FNH:7
FNDA:22,(anonymous_1)
FNDA:11,(anonymous_2)
FNDA:11,(anonymous_3)
FNDA:0,(anonymous_4)
FNDA:4,(anonymous_5)
FNDA:22,(anonymous_6)
FNDA:22,(anonymous_7)
FNDA:22,(anonymous_8)
DA:1,6
DA:2,6
DA:4,6
DA:6,6
DA:8,6
DA:9,22
DA:11,22
DA:13,11
DA:14,11
DA:17,22
DA:18,0
DA:20,0
DA:23,22
DA:25,4
DA:37,6
DA:40,6
DA:52,22
DA:56,6
DA:70,22
DA:72,22
DA:82,6
DA:93,6
DA:112,6
LF:23
LH:21
BRDA:6,0,0,6
BRDA:6,0,1,6
BRDA:52,1,0,11
BRDA:52,1,1,11
BRDA:70,2,0,11
BRDA:70,2,1,11
BRDA:72,3,0,11
BRDA:72,3,1,11
BRF:8
BRH:8
end_of_record
TN:
SF:src\components\Modal\Attendance\AttendanceModal.tsx
FN:11,(anonymous_1)
FN:28,(anonymous_2)
FN:37,(anonymous_3)
FN:52,(anonymous_4)
FN:68,(anonymous_5)
FN:75,(anonymous_6)
FNF:6
FNH:5
FNDA:2,(anonymous_1)
FNDA:3,(anonymous_2)
FNDA:6,(anonymous_3)
FNDA:36,(anonymous_4)
FNDA:0,(anonymous_5)
FNDA:1,(anonymous_6)
DA:1,1
DA:2,1
DA:4,1
DA:5,1
DA:6,1
DA:7,1
DA:8,1
DA:11,1
DA:18,2
DA:26,1
DA:28,1
DA:33,3
DA:34,3
DA:37,6
DA:38,3
DA:43,3
DA:44,3
DA:49,3
DA:52,36
DA:54,3
DA:68,0
DA:75,1
DA:92,1
DA:99,1
LF:24
LH:23
BRF:0
BRH:0
end_of_record
TN:
SF:src\components\Modal\Consult\ConsultModal.tsx
FN:14,(anonymous_1)
FN:31,(anonymous_2)
FN:54,(anonymous_3)
FN:65,(anonymous_4)
FNF:4
FNH:3
FNDA:2,(anonymous_1)
FNDA:3,(anonymous_2)
FNDA:0,(anonymous_3)
FNDA:1,(anonymous_4)
DA:1,1
DA:2,1
DA:4,1
DA:5,1
DA:6,1
DA:7,1
DA:8,1
DA:9,1
DA:10,1
DA:14,1
DA:21,2
DA:29,1
DA:31,1
DA:36,3
DA:39,3
DA:40,3
DA:41,3
DA:43,3
DA:45,3
DA:55,0
DA:56,0
DA:66,1
DA:67,1
DA:86,1
LF:24
LH:22
BRDA:47,0,0,2
BRDA:47,0,1,1
BRDA:61,1,0,2
BRDA:61,1,1,2
BRF:4
BRH:4
end_of_record
TN:
SF:src\components\Modal\FeedBack\FeedBackAdd.tsx
FN:22,(anonymous_8)
FN:39,(anonymous_9)
FN:58,(anonymous_10)
FN:65,(anonymous_11)
FN:69,(anonymous_12)
FN:71,(anonymous_13)
FN:77,(anonymous_14)
FN:77,(anonymous_15)
FN:119,(anonymous_16)
FN:119,(anonymous_17)
FN:145,(anonymous_18)
FN:150,(anonymous_19)
FN:163,(anonymous_20)
FN:168,(anonymous_21)
FN:181,(anonymous_22)
FN:186,(anonymous_23)
FNF:16
FNH:10
FNDA:8,(anonymous_8)
FNDA:8,(anonymous_9)
FNDA:6,(anonymous_10)
FNDA:0,(anonymous_11)
FNDA:0,(anonymous_12)
FNDA:0,(anonymous_13)
FNDA:2,(anonymous_14)
FNDA:2,(anonymous_15)
FNDA:1,(anonymous_16)
FNDA:1,(anonymous_17)
FNDA:32,(anonymous_18)
FNDA:0,(anonymous_19)
FNDA:10,(anonymous_20)
FNDA:0,(anonymous_21)
FNDA:2,(anonymous_22)
FNDA:0,(anonymous_23)
DA:1,2
DA:2,2
DA:3,2
DA:4,2
DA:5,2
DA:6,2
DA:11,2
DA:14,2
DA:15,2
DA:22,2
DA:23,8
DA:39,2
DA:44,8
DA:45,8
DA:46,8
DA:47,8
DA:49,8
DA:50,8
DA:52,8
DA:55,8
DA:58,8
DA:59,6
DA:60,6
DA:61,6
DA:62,6
DA:65,8
DA:66,0
DA:69,8
DA:70,0
DA:71,0
DA:73,0
DA:77,8
DA:78,2
DA:79,2
DA:81,2
DA:82,2
DA:83,2
DA:85,2
DA:87,2
DA:96,2
DA:106,2
DA:107,2
DA:108,1
DA:110,1
DA:112,2
DA:113,2
DA:115,0
DA:119,8
DA:120,1
DA:121,1
DA:124,1
DA:126,1
DA:127,1
DA:128,1
DA:129,1
DA:131,0
DA:135,8
DA:146,32
DA:150,0
DA:164,10
DA:168,0
DA:181,2
DA:186,0
DA:201,2
DA:203,2
DA:228,2
DA:260,2
LF:67
LH:58
BRDA:53,0,0,8
BRDA:53,0,1,5
BRDA:53,1,0,5
BRDA:53,1,1,3
BRDA:53,2,0,8
BRDA:53,2,1,7
BRDA:56,3,0,3
BRDA:56,3,1,5
BRDA:60,4,0,2
BRDA:60,5,0,4
BRDA:60,5,1,2
BRDA:60,6,0,6
BRDA:60,6,1,5
BRDA:61,7,0,0
BRDA:61,8,0,4
BRDA:61,8,1,2
BRDA:61,9,0,6
BRDA:61,9,1,5
BRDA:70,10,0,0
BRDA:70,10,1,0
BRDA:83,11,0,0
BRDA:85,12,0,2
BRDA:85,12,1,0
BRDA:99,13,0,1
BRDA:99,13,1,1
BRDA:99,14,0,2
BRDA:99,14,1,2
BRDA:99,15,0,1
BRDA:99,15,1,1
BRDA:99,16,0,2
BRDA:99,16,1,2
BRDA:107,17,0,1
BRDA:107,17,1,1
BRDA:120,18,0,0
BRDA:124,19,0,0
BRDA:138,20,0,7
BRDA:138,20,1,1
BRDA:159,21,0,8
BRDA:159,21,1,5
BRDA:187,22,0,8
BRDA:187,22,1,3
BRDA:187,22,2,3
BRDA:190,23,0,8
BRDA:190,23,1,7
BRDA:192,24,0,3
BRDA:192,24,1,4
BRF:46
BRH:39
end_of_record
TN:
SF:src\components\Modal\FeedBack\FeedBackModal.tsx
FN:14,(anonymous_1)
FN:31,(anonymous_2)
FN:54,(anonymous_3)
FN:66,(anonymous_4)
FNF:4
FNH:3
FNDA:2,(anonymous_1)
FNDA:3,(anonymous_2)
FNDA:0,(anonymous_3)
FNDA:1,(anonymous_4)
DA:1,1
DA:2,1
DA:4,1
DA:5,1
DA:6,1
DA:7,1
DA:8,1
DA:9,1
DA:10,1
DA:14,1
DA:21,2
DA:29,1
DA:31,1
DA:36,3
DA:39,3
DA:40,3
DA:42,3
DA:43,3
DA:45,3
DA:55,0
DA:56,0
DA:67,1
DA:68,1
DA:85,1
LF:24
LH:22
BRDA:47,0,0,2
BRDA:47,0,1,1
BRDA:62,1,0,2
BRDA:62,1,1,2
BRF:4
BRH:4
end_of_record
TN:
SF:src\components\Modal\Grade\GradeModal.tsx
FN:12,(anonymous_1)
FN:45,(anonymous_2)
FN:63,(anonymous_3)
FN:68,(anonymous_4)
FN:74,(anonymous_5)
FN:83,(anonymous_6)
FN:87,(anonymous_7)
FN:109,(anonymous_8)
FNF:8
FNH:7
FNDA:2,(anonymous_1)
FNDA:3,(anonymous_2)
FNDA:18,(anonymous_3)
FNDA:6,(anonymous_4)
FNDA:1,(anonymous_5)
FNDA:6,(anonymous_6)
FNDA:1,(anonymous_7)
FNDA:0,(anonymous_8)
DA:2,1
DA:3,1
DA:5,1
DA:6,1
DA:7,1
DA:8,1
DA:10,1
DA:12,1
DA:21,2
DA:31,1
DA:33,1
DA:42,1
DA:45,1
DA:52,3
DA:53,3
DA:58,3
DA:59,3
DA:62,3
DA:64,18
DA:65,12
DA:66,9
DA:70,6
DA:71,3
DA:74,3
DA:75,1
DA:76,1
DA:79,3
DA:84,6
DA:87,1
DA:109,0
DA:125,1
DA:139,1
DA:146,1
LF:33
LH:32
BRDA:59,0,0,3
BRDA:59,0,1,0
BRDA:59,1,0,3
BRDA:59,1,1,3
BRDA:59,2,0,0
BRDA:59,2,1,3
BRDA:59,3,0,3
BRDA:59,3,1,3
BRDA:64,4,0,6
BRDA:65,5,0,3
BRDA:65,6,0,12
BRDA:65,6,1,6
BRDA:70,7,0,3
BRDA:81,8,0,2
BRDA:81,8,1,1
BRDA:112,9,0,1
BRDA:112,9,1,1
BRF:17
BRH:15
end_of_record
TN:
SF:src\components\Modal\Grade\GradeRadarChart.tsx
FN:27,(anonymous_0)
FN:35,(anonymous_1)
FN:50,(anonymous_2)
FNF:3
FNH:3
FNDA:3,(anonymous_0)
FNDA:5,(anonymous_1)
FNDA:4,(anonymous_2)
DA:2,2
DA:3,2
DA:14,2
DA:27,2
DA:29,3
DA:30,1
DA:34,2
DA:36,5
DA:42,2
DA:43,2
DA:46,2
DA:50,4
DA:60,2
DA:61,2
DA:63,2
DA:79,2
DA:82,2
LF:17
LH:17
BRDA:29,0,0,1
BRDA:29,1,0,3
BRDA:29,1,1,3
BRDA:36,2,0,5
BRDA:36,2,1,5
BRDA:36,2,2,5
BRF:6
BRH:6
end_of_record
TN:
SF:src\components\Modal\Grade\GradeSemesterView.tsx
FN:12,(anonymous_8)
FN:19,(anonymous_9)
FN:20,(anonymous_10)
FN:20,(anonymous_11)
FN:41,(anonymous_12)
FNF:5
FNH:4
FNDA:1,(anonymous_8)
FNDA:1,(anonymous_9)
FNDA:1,(anonymous_10)
FNDA:1,(anonymous_11)
FNDA:0,(anonymous_12)
DA:1,1
DA:2,1
DA:3,1
DA:4,1
DA:6,1
DA:7,1
DA:8,1
DA:9,1
DA:12,1
DA:13,1
DA:15,1
DA:16,1
DA:17,1
DA:19,1
DA:20,1
DA:21,1
DA:22,1
DA:23,0
DA:24,0
DA:25,0
DA:27,1
DA:28,0
DA:29,0
DA:32,0
DA:34,0
DA:38,1
DA:41,1
DA:42,0
DA:45,1
DA:87,1
DA:89,1
DA:101,1
DA:108,1
LF:33
LH:25
BRDA:22,0,0,0
BRDA:22,0,1,1
BRDA:48,1,0,1
BRDA:48,1,1,0
BRDA:48,1,2,0
BRDA:77,2,0,1
BRDA:77,2,1,0
BRF:7
BRH:3
end_of_record
TN:
SF:src\components\Modal\SpecialNote\SpecialModal.tsx
FN:13,(anonymous_1)
FN:30,(anonymous_2)
FN:56,(anonymous_3)
FNF:3
FNH:3
FNDA:3,(anonymous_1)
FNDA:4,(anonymous_2)
FNDA:1,(anonymous_3)
DA:1,1
DA:2,1
DA:4,1
DA:5,1
DA:6,1
DA:7,1
DA:8,1
DA:9,1
DA:13,1
DA:20,3
DA:28,1
DA:30,1
DA:35,4
DA:37,4
DA:38,4
DA:40,4
DA:57,1
DA:58,1
DA:74,1
LF:19
LH:19
BRDA:42,0,0,3
BRDA:42,0,1,1
BRDA:53,1,0,3
BRDA:53,1,1,3
BRF:4
BRH:4
end_of_record
TN:
SF:src\components\childregister\ChildRegisterBox.tsx
FN:8,(anonymous_8)
FN:20,(anonymous_9)
FN:20,(anonymous_10)
FN:101,(anonymous_11)
FN:110,(anonymous_12)
FN:118,(anonymous_13)
FN:126,(anonymous_14)
FN:136,(anonymous_15)
FN:144,(anonymous_16)
FN:152,(anonymous_17)
FNF:10
FNH:10
FNDA:22,(anonymous_8)
FNDA:3,(anonymous_9)
FNDA:3,(anonymous_10)
FNDA:2,(anonymous_11)
FNDA:2,(anonymous_12)
FNDA:2,(anonymous_13)
FNDA:2,(anonymous_14)
FNDA:2,(anonymous_15)
FNDA:2,(anonymous_16)
FNDA:2,(anonymous_17)
DA:1,1
DA:2,1
DA:3,1
DA:4,1
DA:5,1
DA:6,1
DA:8,1
DA:9,22
DA:10,22
DA:11,22
DA:12,22
DA:13,22
DA:14,22
DA:15,22
DA:16,22
DA:18,22
DA:20,22
DA:22,3
DA:23,1
DA:24,1
DA:26,2
DA:27,0
DA:28,0
DA:30,2
DA:31,0
DA:32,0
DA:34,2
DA:35,0
DA:36,0
DA:38,2
DA:43,0
DA:44,0
DA:47,2
DA:48,2
DA:50,2
DA:51,0
DA:52,0
DA:55,2
DA:56,0
DA:57,0
DA:60,2
DA:62,2
DA:70,2
DA:71,2
DA:72,2
DA:73,1
DA:74,1
DA:77,1
DA:79,1
DA:80,1
DA:82,2
DA:86,22
DA:101,2
DA:110,2
DA:118,2
DA:126,2
DA:136,2
DA:144,2
DA:152,2
DA:167,1
DA:169,1
DA:181,1
DA:185,1
DA:230,1
DA:240,1
DA:260,1
LF:66
LH:54
BRDA:22,0,0,1
BRDA:26,1,0,0
BRDA:26,2,0,2
BRDA:26,2,1,2
BRDA:30,3,0,0
BRDA:30,4,0,2
BRDA:30,4,1,2
BRDA:34,5,0,0
BRDA:34,6,0,2
BRDA:34,6,1,2
BRDA:38,7,0,0
BRDA:39,8,0,2
BRDA:39,8,1,2
BRDA:39,8,2,2
BRDA:50,9,0,0
BRDA:50,10,0,2
BRDA:50,10,1,2
BRDA:55,11,0,0
BRDA:55,12,0,2
BRDA:55,12,1,2
BRF:20
BRH:14
end_of_record
TN:
SF:src\components\common\ButtonOrange.tsx
FN:3,(anonymous_1)
FNF:1
FNH:1
FNDA:9,(anonymous_1)
DA:1,4
DA:3,4
DA:10,9
DA:13,4
DA:14,4
LF:5
LH:5
BRF:0
BRH:0
end_of_record
TN:
SF:src\components\common\ButtonRed.tsx
FN:3,(anonymous_1)
FNF:1
FNH:1
FNDA:5,(anonymous_1)
DA:1,3
DA:3,3
DA:10,5
DA:13,3
DA:15,3
LF:5
LH:5
BRF:0
BRH:0
end_of_record
TN:
SF:src\components\common\ButtonWhite.tsx
FN:3,(anonymous_1)
FNF:1
FNH:1
FNDA:26,(anonymous_1)
DA:1,8
DA:3,8
DA:10,26
DA:13,8
DA:15,8
LF:5
LH:5
BRF:0
BRH:0
end_of_record
TN:
SF:src\components\common\Card.tsx
FN:11,(anonymous_1)
FN:32,(anonymous_2)
FNF:2
FNH:2
FNDA:21,(anonymous_1)
FNDA:21,(anonymous_2)
DA:1,6
DA:3,6
DA:11,6
DA:13,21
DA:14,21
DA:16,21
DA:27,6
DA:29,6
DA:32,21
DA:40,6
DA:62,6
LF:11
LH:11
BRDA:32,0,0,21
BRDA:32,0,1,20
BRF:2
BRH:2
end_of_record
TN:
SF:src\components\common\DropDownMenu.tsx
FN:10,(anonymous_1)
FN:18,(anonymous_2)
FN:25,(anonymous_3)
FN:26,(anonymous_4)
FN:36,(anonymous_5)
FN:39,(anonymous_6)
FN:51,(anonymous_7)
FN:62,(anonymous_8)
FN:65,(anonymous_9)
FNF:9
FNH:8
FNDA:7,(anonymous_1)
FNDA:4,(anonymous_2)
FNDA:4,(anonymous_3)
FNDA:0,(anonymous_4)
FNDA:4,(anonymous_5)
FNDA:1,(anonymous_6)
FNDA:2,(anonymous_7)
FNDA:6,(anonymous_8)
FNDA:1,(anonymous_9)
DA:1,1
DA:2,1
DA:10,1
DA:15,7
DA:16,7
DA:18,7
DA:19,4
DA:20,1
DA:23,7
DA:25,7
DA:26,4
DA:27,0
DA:31,0
DA:35,4
DA:36,4
DA:39,7
DA:40,1
DA:41,1
DA:43,1
DA:44,1
DA:48,7
DA:52,2
DA:53,2
DA:63,6
DA:66,1
DA:67,1
DA:79,1
DA:82,1
DA:89,1
DA:107,1
DA:113,1
DA:127,1
LF:32
LH:30
BRDA:16,0,0,7
BRDA:16,0,1,6
BRDA:19,1,0,1
BRDA:27,2,0,0
BRDA:28,3,0,0
BRDA:28,3,1,0
BRDA:43,4,0,1
BRDA:60,5,0,7
BRDA:60,5,1,2
BRF:9
BRH:6
end_of_record
TN:
SF:src\components\header\NotificationList.tsx
FN:8,NotificationList
FN:16,(anonymous_9)
FN:18,(anonymous_10)
FN:19,(anonymous_11)
FN:19,(anonymous_12)
FN:32,(anonymous_13)
FN:32,(anonymous_14)
FN:67,(anonymous_15)
FN:71,(anonymous_16)
FN:114,(anonymous_17)
FN:115,(anonymous_18)
FNF:11
FNH:7
FNDA:2,NotificationList
FNDA:0,(anonymous_9)
FNDA:1,(anonymous_10)
FNDA:1,(anonymous_11)
FNDA:1,(anonymous_12)
FNDA:0,(anonymous_13)
FNDA:0,(anonymous_14)
FNDA:1,(anonymous_15)
FNDA:0,(anonymous_16)
FNDA:1,(anonymous_17)
FNDA:1,(anonymous_18)
DA:1,1
DA:2,1
DA:3,1
DA:5,1
DA:6,1
DA:8,1
DA:9,2
DA:11,2
DA:12,2
DA:13,2
DA:14,2
DA:16,2
DA:18,2
DA:19,1
DA:20,1
DA:21,1
DA:22,1
DA:23,1
DA:25,0
DA:29,1
DA:32,2
DA:33,0
DA:34,0
DA:35,0
DA:36,0
DA:37,0
DA:39,0
DA:40,0
DA:43,0
DA:44,0
DA:45,0
DA:46,0
DA:48,0
DA:49,0
DA:50,0
DA:54,2
DA:68,1
DA:72,0
DA:87,1
DA:104,1
DA:111,1
DA:114,1
DA:115,1
LF:43
LH:27
BRDA:43,0,0,0
BRDA:44,1,0,0
BRDA:56,2,0,2
BRDA:56,2,1,0
BRDA:80,3,0,2
BRDA:80,3,1,1
BRDA:114,4,0,0
BRDA:114,4,1,1
BRDA:115,5,0,0
BRDA:115,5,1,1
BRF:10
BRH:5
end_of_record
TN:
SF:src\components\home\SearchStudent.tsx
FN:17,(anonymous_1)
FN:24,(anonymous_2)
FN:28,(anonymous_3)
FN:29,(anonymous_4)
FN:32,(anonymous_5)
FN:41,(anonymous_6)
FN:43,(anonymous_7)
FN:54,(anonymous_8)
FN:57,(anonymous_9)
FN:68,(anonymous_10)
FN:71,(anonymous_11)
FN:83,(anonymous_12)
FN:84,(anonymous_13)
FNF:13
FNH:13
FNDA:8,(anonymous_1)
FNDA:2,(anonymous_2)
FNDA:24,(anonymous_3)
FNDA:56,(anonymous_4)
FNDA:200,(anonymous_5)
FNDA:1,(anonymous_6)
FNDA:24,(anonymous_7)
FNDA:1,(anonymous_8)
FNDA:56,(anonymous_9)
FNDA:1,(anonymous_10)
FNDA:200,(anonymous_11)
FNDA:2,(anonymous_12)
FNDA:1,(anonymous_13)
DA:1,1
DA:2,1
DA:3,1
DA:5,1
DA:17,1
DA:18,8
DA:19,8
DA:20,8
DA:21,8
DA:22,8
DA:24,8
DA:25,2
DA:28,24
DA:29,8
DA:30,56
DA:32,8
DA:33,200
DA:36,8
DA:41,1
DA:44,24
DA:54,1
DA:58,56
DA:68,1
DA:72,200
DA:83,2
DA:85,1
DA:86,1
DA:100,1
DA:103,1
DA:118,1
DA:140,1
DA:151,1
DA:162,1
LF:33
LH:33
BRDA:19,0,0,8
BRDA:19,0,1,0
BRDA:19,1,0,0
BRDA:19,1,1,8
BRDA:19,2,0,8
BRDA:19,2,1,8
BRDA:20,3,0,8
BRDA:20,3,1,0
BRDA:20,4,0,0
BRDA:20,4,1,8
BRDA:20,5,0,8
BRDA:20,5,1,8
BRDA:85,6,0,1
BRF:13
BRH:9
end_of_record
TN:
SF:src\components\signup\SignUpBox.tsx
FN:8,(anonymous_8)
FN:19,(anonymous_9)
FN:19,(anonymous_10)
FN:67,(anonymous_11)
FN:87,(anonymous_12)
FN:105,(anonymous_13)
FN:125,(anonymous_14)
FN:137,(anonymous_15)
FN:146,(anonymous_16)
FNF:9
FNH:7
FNDA:12,(anonymous_8)
FNDA:2,(anonymous_9)
FNDA:2,(anonymous_10)
FNDA:2,(anonymous_11)
FNDA:0,(anonymous_12)
FNDA:0,(anonymous_13)
FNDA:2,(anonymous_14)
FNDA:2,(anonymous_15)
FNDA:2,(anonymous_16)
DA:1,1
DA:2,1
DA:3,1
DA:4,1
DA:5,1
DA:6,1
DA:8,1
DA:9,12
DA:11,12
DA:12,12
DA:13,12
DA:14,12
DA:15,12
DA:17,12
DA:19,12
DA:20,2
DA:21,1
DA:22,1
DA:25,1
DA:26,1
DA:28,1
DA:39,1
DA:40,1
DA:44,1
DA:47,0
DA:49,1
DA:53,12
DA:67,2
DA:87,0
DA:105,0
DA:125,2
DA:137,2
DA:146,2
DA:155,1
DA:157,1
DA:178,1
DA:233,1
DA:238,1
DA:250,1
LF:39
LH:36
BRDA:20,0,0,1
BRDA:39,1,0,1
BRDA:47,2,0,0
BRDA:47,2,1,0
BRF:4
BRH:2
end_of_record
TN:
SF:src\components\studentlobby\FeedbackList.tsx
FN:7,(anonymous_8)
FN:19,(anonymous_9)
FN:20,(anonymous_10)
FN:20,(anonymous_11)
FN:31,(anonymous_12)
FN:64,(anonymous_13)
FN:65,(anonymous_14)
FN:77,(anonymous_15)
FNF:8
FNH:4
FNDA:2,(anonymous_8)
FNDA:2,(anonymous_9)
FNDA:2,(anonymous_10)
FNDA:2,(anonymous_11)
FNDA:0,(anonymous_12)
FNDA:0,(anonymous_13)
FNDA:0,(anonymous_14)
FNDA:0,(anonymous_15)
DA:1,1
DA:2,1
DA:3,1
DA:5,1
DA:7,1
DA:16,2
DA:17,2
DA:19,2
DA:20,2
DA:21,2
DA:22,2
DA:24,2
DA:25,0
DA:27,2
DA:30,0
DA:31,0
DA:33,0
DA:35,2
DA:39,2
DA:42,2
DA:65,0
DA:66,0
DA:67,0
DA:70,0
DA:71,0
DA:74,0
DA:77,0
DA:95,1
DA:97,1
LF:29
LH:18
BRDA:24,0,0,0
BRDA:24,0,1,2
BRDA:53,1,0,2
BRDA:53,1,1,0
BRDA:63,2,0,0
BRDA:63,2,1,0
BRDA:77,3,0,0
BRDA:77,3,1,0
BRDA:77,4,0,0
BRDA:77,4,1,0
BRF:10
BRH:2
end_of_record
TN:
SF:src\components\studentlobby\GradeList.tsx
FN:19,(anonymous_8)
FN:37,(anonymous_9)
FN:40,(anonymous_10)
FN:40,(anonymous_11)
FN:60,(anonymous_12)
FN:60,(anonymous_13)
FN:88,(anonymous_14)
FN:88,(anonymous_15)
FN:103,(anonymous_16)
FN:103,(anonymous_17)
FN:119,(anonymous_18)
FN:154,(anonymous_19)
FN:181,(anonymous_20)
FN:192,(anonymous_21)
FN:198,(anonymous_22)
FN:207,(anonymous_23)
FN:237,(anonymous_24)
FNF:17
FNH:6
FNDA:12,(anonymous_8)
FNDA:10,(anonymous_9)
FNDA:3,(anonymous_10)
FNDA:3,(anonymous_11)
FNDA:0,(anonymous_12)
FNDA:0,(anonymous_13)
FNDA:0,(anonymous_14)
FNDA:0,(anonymous_15)
FNDA:0,(anonymous_16)
FNDA:0,(anonymous_17)
FNDA:6,(anonymous_18)
FNDA:4,(anonymous_19)
FNDA:0,(anonymous_20)
FNDA:0,(anonymous_21)
FNDA:0,(anonymous_22)
FNDA:0,(anonymous_23)
FNDA:0,(anonymous_24)
DA:1,2
DA:2,2
DA:9,2
DA:11,2
DA:12,2
DA:19,2
DA:27,12
DA:29,12
DA:31,12
DA:32,12
DA:34,12
DA:35,12
DA:37,12
DA:38,10
DA:40,3
DA:41,3
DA:42,3
DA:43,3
DA:44,0
DA:45,0
DA:47,3
DA:48,3
DA:51,0
DA:53,3
DA:57,3
DA:60,12
DA:61,0
DA:63,0
DA:64,0
DA:66,0
DA:68,0
DA:70,0
DA:76,0
DA:77,0
DA:78,0
DA:80,0
DA:82,0
DA:83,0
DA:84,0
DA:88,12
DA:89,0
DA:90,0
DA:91,0
DA:93,0
DA:94,0
DA:95,0
DA:97,0
DA:99,0
DA:103,12
DA:104,0
DA:105,0
DA:106,0
DA:107,0
DA:108,0
DA:109,0
DA:110,0
DA:112,0
DA:114,0
DA:118,12
DA:120,6
DA:130,12
DA:134,12
DA:155,4
DA:156,0
DA:170,4
DA:171,4
DA:173,4
DA:181,0
DA:192,0
DA:199,0
DA:200,0
DA:207,0
DA:237,0
DA:253,2
DA:255,2
DA:297,2
LF:76
LH:36
BRDA:38,0,0,7
BRDA:43,1,0,0
BRDA:43,1,1,3
BRDA:61,2,0,0
BRDA:66,3,0,0
BRDA:66,3,1,0
BRDA:84,4,0,0
BRDA:91,5,0,0
BRDA:106,6,0,0
BRDA:118,7,0,2
BRDA:118,7,1,10
BRDA:118,8,0,12
BRDA:118,8,1,12
BRDA:130,9,0,6
BRDA:130,9,1,6
BRDA:143,10,0,12
BRDA:143,10,1,6
BRDA:147,11,0,10
BRDA:147,11,1,2
BRDA:149,12,0,6
BRDA:149,12,1,4
BRDA:155,13,0,0
BRDA:155,14,0,4
BRDA:155,14,1,4
BRDA:160,15,0,0
BRDA:160,15,1,0
BRDA:165,16,0,0
BRDA:165,16,1,0
BRDA:177,17,0,0
BRDA:177,17,1,4
BRDA:184,18,0,4
BRDA:184,18,1,0
BRDA:184,19,0,4
BRDA:184,19,1,4
BRDA:184,20,0,4
BRDA:184,20,1,0
BRDA:184,21,0,4
BRDA:184,21,1,4
BRDA:187,22,0,4
BRDA:187,22,1,0
BRDA:187,23,0,4
BRDA:187,23,1,4
BRDA:188,24,0,4
BRDA:188,24,1,0
BRDA:188,25,0,4
BRDA:188,25,1,4
BRDA:189,26,0,4
BRDA:189,26,1,4
BRDA:191,27,0,0
BRDA:191,27,1,4
BRDA:194,28,0,4
BRDA:194,28,1,4
BRDA:194,28,2,2
BRDA:201,29,0,0
BRDA:201,29,1,0
BRDA:201,30,0,0
BRDA:201,30,1,0
BRDA:201,31,0,0
BRDA:201,31,1,0
BRDA:201,32,0,0
BRDA:201,32,1,0
BRDA:220,33,0,12
BRDA:220,33,1,6
BRDA:220,33,2,0
BRF:64
BRH:37
end_of_record
TN:
SF:src\components\studentlobby\SpecialNoteList.tsx
FN:13,(anonymous_8)
FN:23,(anonymous_9)
FN:24,(anonymous_10)
FN:24,(anonymous_11)
FN:28,(anonymous_12)
FN:41,(anonymous_13)
FN:72,(anonymous_14)
FN:75,(anonymous_15)
FNF:8
FNH:4
FNDA:3,(anonymous_8)
FNDA:3,(anonymous_9)
FNDA:3,(anonymous_10)
FNDA:3,(anonymous_11)
FNDA:0,(anonymous_12)
FNDA:0,(anonymous_13)
FNDA:0,(anonymous_14)
FNDA:0,(anonymous_15)
DA:1,1
DA:2,1
DA:3,1
DA:5,1
DA:13,1
DA:18,3
DA:19,3
DA:20,3
DA:21,3
DA:23,3
DA:24,3
DA:25,3
DA:26,3
DA:27,0
DA:28,0
DA:30,0
DA:32,3
DA:34,3
DA:38,3
DA:41,3
DA:42,0
DA:43,0
DA:44,0
DA:45,0
DA:48,3
DA:73,0
DA:76,0
DA:77,0
DA:78,0
DA:95,1
DA:97,1
LF:31
LH:20
BRDA:30,0,0,0
BRDA:30,0,1,0
BRDA:59,1,0,3
BRDA:59,1,1,0
BRDA:65,2,0,0
BRDA:65,2,1,0
BRDA:76,3,0,0
BRDA:76,4,0,0
BRDA:76,4,1,0
BRF:9
BRH:1
end_of_record
TN:
SF:src\resources\styles\InputBoxWrapper.tsx
FNF:0
FNH:0
DA:1,2
DA:3,2
DA:39,2
LF:3
LH:3
BRF:0
BRH:0
end_of_record
TN:
SF:src\stores\LoadingProvider.tsx
FN:18,(anonymous_0)
FN:23,(anonymous_1)
FN:31,(anonymous_2)
FN:40,(anonymous_3)
FN:52,(anonymous_4)
FN:53,(anonymous_5)
FN:67,(anonymous_6)
FNF:7
FNH:6
FNDA:10,(anonymous_0)
FNDA:2,(anonymous_1)
FNDA:0,(anonymous_2)
FNDA:2,(anonymous_3)
FNDA:6,(anonymous_4)
FNDA:6,(anonymous_5)
FNDA:29,(anonymous_6)
DA:1,2
DA:16,2
DA:18,2
DA:19,10
DA:20,10
DA:21,10
DA:23,10
DA:24,2
DA:25,2
DA:27,2
DA:28,0
DA:31,2
DA:32,0
DA:33,0
DA:36,0
DA:40,10
DA:41,2
DA:43,2
DA:44,2
DA:45,2
DA:49,2
DA:52,10
DA:53,6
DA:54,6
DA:55,0
DA:60,10
DA:67,2
DA:68,29
DA:69,29
DA:70,0
DA:72,29
LF:31
LH:25
BRDA:23,0,0,2
BRDA:27,1,0,0
BRDA:43,2,0,2
BRDA:54,3,0,0
BRDA:69,4,0,0
BRF:5
BRH:2
end_of_record
TN:
SF:src\stores\useUserStore.ts
FN:13,(anonymous_0)
FN:50,(anonymous_1)
FN:51,(anonymous_2)
FN:54,(anonymous_3)
FN:54,(anonymous_4)
FN:55,(anonymous_5)
FN:55,(anonymous_6)
FNF:7
FNH:3
FNDA:14,(anonymous_0)
FNDA:5,(anonymous_1)
FNDA:5,(anonymous_2)
FNDA:0,(anonymous_3)
FNDA:0,(anonymous_4)
FNDA:0,(anonymous_5)
FNDA:0,(anonymous_6)
DA:2,14
DA:13,14
DA:51,5
DA:52,5
DA:54,0
DA:55,0
DA:58,14
LF:7
LH:5
BRF:0
BRH:0
end_of_record
TN:
SF:src\utils\getCurrentSemester.ts
FN:2,(anonymous_0)
FNF:1
FNH:1
FNDA:3,(anonymous_0)
DA:2,1
DA:3,3
DA:4,3
DA:5,3
DA:8,1
LF:5
LH:5
BRDA:5,0,0,3
BRDA:5,0,1,0
BRDA:5,1,0,3
BRDA:5,1,1,3
BRF:4
BRH:3
end_of_record
