TN:
SF:src\components\common\ButtonOrange.tsx
FN:3,(anonymous_1)
FNF:1
FNH:1
FNDA:2,(anonymous_1)
DA:1,1
DA:3,1
DA:10,2
DA:13,1
DA:15,1
LF:5
LH:5
BRF:0
BRH:0
end_of_record
TN:
SF:src\components\common\ButtonWhite.tsx
FN:3,(anonymous_1)
FNF:1
FNH:1
FNDA:2,(anonymous_1)
DA:1,1
DA:3,1
DA:10,2
DA:13,1
DA:15,1
LF:5
LH:5
BRF:0
BRH:0
end_of_record
TN:
SF:src\components\common\Card.tsx
FN:10,(anonymous_1)
FNF:1
FNH:1
FNDA:3,(anonymous_1)
DA:1,1
DA:10,1
DA:11,3
DA:22,1
DA:24,1
DA:34,1
DA:56,1
LF:7
LH:7
BRF:0
BRH:0
end_of_record
TN:
SF:src\components\common\DropDownMenu.tsx
FN:10,(anonymous_1)
FN:18,(anonymous_2)
FN:25,(anonymous_3)
FN:26,(anonymous_4)
FN:36,(anonymous_5)
FN:39,(anonymous_6)
FN:51,(anonymous_7)
FN:62,(anonymous_8)
FN:65,(anonymous_9)
FNF:9
FNH:8
FNDA:6,(anonymous_1)
FNDA:3,(anonymous_2)
FNDA:3,(anonymous_3)
FNDA:0,(anonymous_4)
FNDA:3,(anonymous_5)
FNDA:1,(anonymous_6)
FNDA:2,(anonymous_7)
FNDA:6,(anonymous_8)
FNDA:1,(anonymous_9)
DA:1,1
DA:2,1
DA:10,1
DA:15,6
DA:16,6
DA:18,6
DA:19,3
DA:20,1
DA:23,6
DA:25,6
DA:26,3
DA:27,0
DA:31,0
DA:35,3
DA:36,3
DA:39,6
DA:40,1
DA:41,1
DA:43,1
DA:44,1
DA:48,6
DA:52,2
DA:53,2
DA:63,6
DA:66,1
DA:67,1
DA:79,1
DA:82,1
DA:89,1
DA:107,1
DA:113,1
DA:127,1
LF:32
LH:30
BRDA:16,0,0,6
BRDA:16,0,1,5
BRDA:19,1,0,1
BRDA:27,2,0,0
BRDA:28,3,0,0
BRDA:28,3,1,0
BRDA:43,4,0,1
BRDA:60,5,0,6
BRDA:60,5,1,2
BRF:9
BRH:6
end_of_record
